<?xml version="1.0" encoding="UTF-8"?>
<!-- Generated by org.testng.reporters.JUnitXMLReporter -->
<testsuite ignored="0" hostname="Dinhs-MacBook-Pro.local" failures="1" tests="1" name="Surefire test" time="18.372" errors="0" timestamp="2024-04-28T11:50:10 ICT">
  <testcase classname="dinhthe.testcases.AddSupplierTest" name="testOpenAddSupplier" time="9.303">
    <failure type="org.openqa.selenium.ElementClickInterceptedException" message="element click intercepted: Element &amp;lt;span class=&amp;quot;app-menu-item-desc&amp;quot;&amp;gt;...&amp;lt;/span&amp;gt; is not clickable at point (414, 383). Other element would receive the click: &amp;lt;div v=&amp;quot;div&amp;quot; class=&amp;quot;pop-box pop-box-mousedown pop-box-touchstart pop-box-processing&amp;quot; tabindex=&amp;quot;-1&amp;quot; remove-monitor=&amp;quot;1&amp;quot; style=&amp;quot;display: flex; flex-direction: column; visibility: visible; pointer-events: auto; left: 243px; top: 61px; position: fixed; z-index: 100; margin-right: 16px; max-height: 594px; overflow: auto; opacity: 1;&amp;quot;&amp;gt;...&amp;lt;/div&amp;gt;
  (Session info: chrome=124.0.6367.92)
Build info: version: &amp;apos;4.16.1&amp;apos;, revision: &amp;apos;9b4c83354e&amp;apos;
System info: os.name: &amp;apos;Mac OS X&amp;apos;, os.arch: &amp;apos;x86_64&amp;apos;, os.version: &amp;apos;13.1&amp;apos;, java.version: &amp;apos;19.0.1&amp;apos;
Driver info: org.openqa.selenium.chrome.ChromeDriver
Command: [69de9227f012015889cfdbf49e0b2b3e, clickElement {id=f.ABFABF76E953CBEBEEFB3A194D847865.d.666EB6237073505BEF3E9B50C8FCC74B.e.39}]
Capabilities {acceptInsecureCerts: false, browserName: chrome, browserVersion: 124.0.6367.92, chrome: {chromedriverVersion: 124.0.6367.91 (51df0e5e17a8..., userDataDir: /var/folders/zc/lthy6f5d3wj...}, fedcm:accounts: true, goog:chromeOptions: {debuggerAddress: localhost:51133}, networkConnectionEnabled: false, pageLoadStrategy: normal, platformName: mac, proxy: Proxy(), se:cdp: ws://localhost:51133/devtoo..., se:cdpVersion: 124.0.6367.92, setWindowRect: true, strictFileInteractability: false, timeouts: {implicit: 0, pageLoad: 300000, script: 30000}, unhandledPromptBehavior: dismiss and notify, webauthn:extension:credBlob: true, webauthn:extension:largeBlob: true, webauthn:extension:minPinLength: true, webauthn:extension:prf: true, webauthn:virtualAuthenticators: true}
Element: [[ChromeDriver: chrome on mac (69de9227f012015889cfdbf49e0b2b3e)] -&amp;gt; xpath: //span[@class=&amp;apos;app-menu-item-desc&amp;apos; and text()=&amp;apos;Quản lý, giám sát quy trình mua hàng&amp;apos;]]
Session ID: 69de9227f012015889cfdbf49e0b2b3e">
      <![CDATA[org.openqa.selenium.ElementClickInterceptedException: element click intercepted: Element <span class="app-menu-item-desc">...</span> is not clickable at point (414, 383). Other element would receive the click: <div v="div" class="pop-box pop-box-mousedown pop-box-touchstart pop-box-processing" tabindex="-1" remove-monitor="1" style="display: flex; flex-direction: column; visibility: visible; pointer-events: auto; left: 243px; top: 61px; position: fixed; z-index: 100; margin-right: 16px; max-height: 594px; overflow: auto; opacity: 1;">...</div>
  (Session info: chrome=124.0.6367.92)
Build info: version: '4.16.1', revision: '9b4c83354e'
System info: os.name: 'Mac OS X', os.arch: 'x86_64', os.version: '13.1', java.version: '19.0.1'
Driver info: org.openqa.selenium.chrome.ChromeDriver
Command: [69de9227f012015889cfdbf49e0b2b3e, clickElement {id=f.ABFABF76E953CBEBEEFB3A194D847865.d.666EB6237073505BEF3E9B50C8FCC74B.e.39}]
Capabilities {acceptInsecureCerts: false, browserName: chrome, browserVersion: 124.0.6367.92, chrome: {chromedriverVersion: 124.0.6367.91 (51df0e5e17a8..., userDataDir: /var/folders/zc/lthy6f5d3wj...}, fedcm:accounts: true, goog:chromeOptions: {debuggerAddress: localhost:51133}, networkConnectionEnabled: false, pageLoadStrategy: normal, platformName: mac, proxy: Proxy(), se:cdp: ws://localhost:51133/devtoo..., se:cdpVersion: 124.0.6367.92, setWindowRect: true, strictFileInteractability: false, timeouts: {implicit: 0, pageLoad: 300000, script: 30000}, unhandledPromptBehavior: dismiss and notify, webauthn:extension:credBlob: true, webauthn:extension:largeBlob: true, webauthn:extension:minPinLength: true, webauthn:extension:prf: true, webauthn:virtualAuthenticators: true}
Element: [[ChromeDriver: chrome on mac (69de9227f012015889cfdbf49e0b2b3e)] -> xpath: //span[@class='app-menu-item-desc' and text()='Quản lý, giám sát quy trình mua hàng']]
Session ID: 69de9227f012015889cfdbf49e0b2b3e
at org.openqa.selenium.remote.codec.w3c.W3CHttpResponseCodec.createException(W3CHttpResponseCodec.java:200)
at org.openqa.selenium.remote.codec.w3c.W3CHttpResponseCodec.decode(W3CHttpResponseCodec.java:133)
at org.openqa.selenium.remote.codec.w3c.W3CHttpResponseCodec.decode(W3CHttpResponseCodec.java:52)
at org.openqa.selenium.remote.HttpCommandExecutor.execute(HttpCommandExecutor.java:191)
at org.openqa.selenium.remote.service.DriverCommandExecutor.invokeExecute(DriverCommandExecutor.java:200)
at org.openqa.selenium.remote.service.DriverCommandExecutor.execute(DriverCommandExecutor.java:175)
at org.openqa.selenium.remote.RemoteWebDriver.execute(RemoteWebDriver.java:523)
at org.openqa.selenium.remote.RemoteWebElement.execute(RemoteWebElement.java:224)
at org.openqa.selenium.remote.RemoteWebElement.click(RemoteWebElement.java:77)
at dinhthe.keywords.WebUI.clickElement(WebUI.java:135)
at dinhthe.pages.AddSupplierPage.openAddSupplier(AddSupplierPage.java:59)
at dinhthe.testcases.AddSupplierTest.testOpenAddSupplier(AddSupplierTest.java:18)
at java.base/java.util.ArrayList.forEach(ArrayList.java:1511)
... Removed 33 stack frames]]>
    </failure>
  </testcase> <!-- testOpenAddSupplier -->
</testsuite> <!-- Surefire test -->
