{"uuid":"106ea549-1649-40eb-87e4-9d62454fd763","historyId":"8583fe6d2099a76f6daccee5be5d6d65","fullName":"dinhthe.testcases.AddSupplierTest.testAddCandidateValidWithRequiredFields","labels":[{"name":"package","value":"dinhthe.testcases.AddSupplierTest"},{"name":"testClass","value":"dinhthe.testcases.AddSupplierTest"},{"name":"testMethod","value":"testAddCandidateValidWithRequiredFields"},{"name":"parentSuite","value":"Default Suite"},{"name":"suite","value":"SeleniumMavenDemo"},{"name":"subSuite","value":"dinhthe.testcases.AddSupplierTest"},{"name":"host","value":"Dinhs-MacBook-Pro.local"},{"name":"thread","value":"96680@Dinhs-MacBook-Pro.local.main(1)"},{"name":"framework","value":"testng"},{"name":"language","value":"java"}],"links":[],"name":"Add Supplier by inputting all required fields","status":"failed","statusDetails":{"known":false,"muted":false,"flaky":false,"message":"Timeout waiting for the element Visible. By.xpath: (//div[@class='form-control pop-done pop-control pop-control-click pop-connect xfocus-done xfocus'])[2]","trace":"java.lang.AssertionError: Timeout waiting for the element Visible. By.xpath: (//div[@class='form-control pop-done pop-control pop-control-click pop-connect xfocus-done xfocus'])[2]\n\tat org.testng.Assert.fail(Assert.java:99)\n\tat dinhthe.keywords.WebUI.waitForElementVisible(WebUI.java:190)\n\tat dinhthe.keywords.WebUI.clickElement(WebUI.java:121)\n\tat dinhthe.pages.AddSupplierPage.addSupplierNormal(AddSupplierPage.java:43)\n\tat dinhthe.testcases.AddSupplierTest.testAddCandidateValidWithRequiredFields(AddSupplierTest.java:26)\n\tat java.base/jdk.internal.reflect.DirectMethodHandleAccessor.invoke(DirectMethodHandleAccessor.java:104)\n\tat java.base/java.lang.reflect.Method.invoke(Method.java:578)\n\tat org.testng.internal.MethodInvocationHelper.invokeMethod(MethodInvocationHelper.java:133)\n\tat org.testng.internal.TestInvoker.invokeMethod(TestInvoker.java:598)\n\tat org.testng.internal.TestInvoker.invokeTestMethod(TestInvoker.java:173)\n\tat org.testng.internal.MethodRunner.runInSequence(MethodRunner.java:46)\n\tat org.testng.internal.TestInvoker$MethodInvocationAgent.invoke(TestInvoker.java:824)\n\tat org.testng.internal.TestInvoker.invokeTestMethods(TestInvoker.java:146)\n\tat org.testng.internal.TestMethodWorker.invokeTestMethods(TestMethodWorker.java:146)\n\tat org.testng.internal.TestMethodWorker.run(TestMethodWorker.java:128)\n\tat java.base/java.util.ArrayList.forEach(ArrayList.java:1511)\n\tat org.testng.TestRunner.privateRun(TestRunner.java:794)\n\tat org.testng.TestRunner.run(TestRunner.java:596)\n\tat org.testng.SuiteRunner.runTest(SuiteRunner.java:377)\n\tat org.testng.SuiteRunner.runSequentially(SuiteRunner.java:371)\n\tat org.testng.SuiteRunner.privateRun(SuiteRunner.java:332)\n\tat org.testng.SuiteRunner.run(SuiteRunner.java:276)\n\tat org.testng.SuiteRunnerWorker.runSuite(SuiteRunnerWorker.java:53)\n\tat org.testng.SuiteRunnerWorker.run(SuiteRunnerWorker.java:96)\n\tat org.testng.TestNG.runSuitesSequentially(TestNG.java:1212)\n\tat org.testng.TestNG.runSuitesLocally(TestNG.java:1134)\n\tat org.testng.TestNG.runSuites(TestNG.java:1063)\n\tat org.testng.TestNG.run(TestNG.java:1031)\n\tat com.intellij.rt.testng.IDEARemoteTestNG.run(IDEARemoteTestNG.java:65)\n\tat com.intellij.rt.testng.RemoteTestNGStarter.main(RemoteTestNGStarter.java:105)\n"},"stage":"finished","steps":[{"name":"Open URL: https://cloud-cloud.1office.vn/","status":"passed","stage":"finished","steps":[],"attachments":[{"name":"Open URL: https://cloud-cloud.1office.vn/","source":"c267b3e6-7ab2-4cfe-8920-a37f8a7a9420-attachment","type":"text/plain"}],"parameters":[{"name":"url","value":"https://cloud-cloud.1office.vn/"}],"start":1710928759963,"stop":1710928764274},{"name":"Set text admin on By.xpath: //input[@id='username']","status":"passed","stage":"finished","steps":[],"attachments":[],"parameters":[{"name":"by","value":"By.xpath: //input[@id='username']"},{"name":"value","value":"admin"}],"start":1710928764274,"stop":1710928764534},{"name":"Set text admin@123 on By.xpath: //input[@id='userpwd']","status":"passed","stage":"finished","steps":[],"attachments":[],"parameters":[{"name":"by","value":"By.xpath: //input[@id='userpwd']"},{"name":"value","value":"admin@123"}],"start":1710928764534,"stop":1710928764660},{"name":"Click element By.xpath: //button[@type='submit']","status":"passed","stage":"finished","steps":[],"attachments":[],"parameters":[{"name":"by","value":"By.xpath: //button[@type='submit']"}],"start":1710928766662,"stop":1710928772183},{"name":"Click element By.xpath: //a[@title='Phân hệ' and @class='header-link icon-thumbnails pop-done pop-control pop-control-click pop-connect']","status":"passed","stage":"finished","steps":[],"attachments":[],"parameters":[{"name":"by","value":"By.xpath: //a[@title='Phân hệ' and @class='header-link icon-thumbnails pop-done pop-control pop-control-click pop-connect']"}],"start":1710928772184,"stop":1710928772371},{"name":"Click element By.xpath: //span[@class='app-menu-item-desc' and text()='Quản lý, giám sát quy trình mua hàng']","status":"passed","stage":"finished","steps":[],"attachments":[],"parameters":[{"name":"by","value":"By.xpath: //span[@class='app-menu-item-desc' and text()='Quản lý, giám sát quy trình mua hàng']"}],"start":1710928772371,"stop":1710928772496},{"name":"Click element By.xpath: //a[@title='Tạo mới']","status":"passed","stage":"finished","steps":[],"attachments":[],"parameters":[{"name":"by","value":"By.xpath: //a[@title='Tạo mới']"}],"start":1710928772503,"stop":1710928775731},{"name":"Click element By.xpath: (//div[@class='title' and text()='Nhà cung cấp'])[2]","status":"passed","stage":"finished","steps":[],"attachments":[],"parameters":[{"name":"by","value":"By.xpath: (//div[@class='title' and text()='Nhà cung cấp'])[2]"}],"start":1710928775738,"stop":1710928775850},{"name":"Check element existing By.xpath: //div[@id='header-title']","status":"passed","stage":"finished","steps":[],"attachments":[],"parameters":[{"name":"by","value":"By.xpath: //div[@id='header-title']"}],"start":1710928775855,"stop":1710928775964},{"name":"Click element By.xpath: (//div[@class='form-control pop-done pop-control pop-control-click pop-connect xfocus-done xfocus'])[2] with timeout 1","status":"failed","statusDetails":{"known":false,"muted":false,"flaky":false,"message":"Timeout waiting for the element Visible. By.xpath: (//div[@class='form-control pop-done pop-control pop-control-click pop-connect xfocus-done xfocus'])[2]","trace":"java.lang.AssertionError: Timeout waiting for the element Visible. By.xpath: (//div[@class='form-control pop-done pop-control pop-control-click pop-connect xfocus-done xfocus'])[2]\n\tat org.testng.Assert.fail(Assert.java:99)\n\tat dinhthe.keywords.WebUI.waitForElementVisible(WebUI.java:190)\n\tat dinhthe.keywords.WebUI.clickElement(WebUI.java:121)\n\tat dinhthe.pages.AddSupplierPage.addSupplierNormal(AddSupplierPage.java:43)\n\tat dinhthe.testcases.AddSupplierTest.testAddCandidateValidWithRequiredFields(AddSupplierTest.java:26)\n\tat java.base/jdk.internal.reflect.DirectMethodHandleAccessor.invoke(DirectMethodHandleAccessor.java:104)\n\tat java.base/java.lang.reflect.Method.invoke(Method.java:578)\n\tat org.testng.internal.MethodInvocationHelper.invokeMethod(MethodInvocationHelper.java:133)\n\tat org.testng.internal.TestInvoker.invokeMethod(TestInvoker.java:598)\n\tat org.testng.internal.TestInvoker.invokeTestMethod(TestInvoker.java:173)\n\tat org.testng.internal.MethodRunner.runInSequence(MethodRunner.java:46)\n\tat org.testng.internal.TestInvoker$MethodInvocationAgent.invoke(TestInvoker.java:824)\n\tat org.testng.internal.TestInvoker.invokeTestMethods(TestInvoker.java:146)\n\tat org.testng.internal.TestMethodWorker.invokeTestMethods(TestMethodWorker.java:146)\n\tat org.testng.internal.TestMethodWorker.run(TestMethodWorker.java:128)\n\tat java.base/java.util.ArrayList.forEach(ArrayList.java:1511)\n\tat org.testng.TestRunner.privateRun(TestRunner.java:794)\n\tat org.testng.TestRunner.run(TestRunner.java:596)\n\tat org.testng.SuiteRunner.runTest(SuiteRunner.java:377)\n\tat org.testng.SuiteRunner.runSequentially(SuiteRunner.java:371)\n\tat org.testng.SuiteRunner.privateRun(SuiteRunner.java:332)\n\tat org.testng.SuiteRunner.run(SuiteRunner.java:276)\n\tat org.testng.SuiteRunnerWorker.runSuite(SuiteRunnerWorker.java:53)\n\tat org.testng.SuiteRunnerWorker.run(SuiteRunnerWorker.java:96)\n\tat org.testng.TestNG.runSuitesSequentially(TestNG.java:1212)\n\tat org.testng.TestNG.runSuitesLocally(TestNG.java:1134)\n\tat org.testng.TestNG.runSuites(TestNG.java:1063)\n\tat org.testng.TestNG.run(TestNG.java:1031)\n\tat com.intellij.rt.testng.IDEARemoteTestNG.run(IDEARemoteTestNG.java:65)\n\tat com.intellij.rt.testng.RemoteTestNGStarter.main(RemoteTestNGStarter.java:105)\n"},"stage":"finished","steps":[],"attachments":[],"parameters":[{"name":"by","value":"By.xpath: (//div[@class='form-control pop-done pop-control pop-control-click pop-connect xfocus-done xfocus'])[2]"},{"name":"timeout","value":"1"}],"start":1710928775974,"stop":1710928777027}],"attachments":[{"name":"testAddCandidateValidWithRequiredFields is failed.","source":"8210932d-df53-4530-a657-0014123f7f32-attachment","type":"text/plain"},{"name":"Page screenshot","source":"f4c09509-6bbf-491d-a06d-9e8442ddbe01-attachment","type":"image/png"}],"parameters":[],"start":1710928759778,"stop":1710928778072}