{"uuid":"52a6cb1b-ba38-4e10-8e83-96a576a51517","historyId":"8583fe6d2099a76f6daccee5be5d6d65","fullName":"dinhthe.testcases.AddSupplierTest.testAddCandidateValidWithRequiredFields","labels":[{"name":"package","value":"dinhthe.testcases.AddSupplierTest"},{"name":"testClass","value":"dinhthe.testcases.AddSupplierTest"},{"name":"testMethod","value":"testAddCandidateValidWithRequiredFields"},{"name":"parentSuite","value":"Default Suite"},{"name":"suite","value":"SeleniumMavenDemo"},{"name":"subSuite","value":"dinhthe.testcases.AddSupplierTest"},{"name":"host","value":"Dinhs-MacBook-Pro.local"},{"name":"thread","value":"96269@Dinhs-MacBook-Pro.local.main(1)"},{"name":"framework","value":"testng"},{"name":"language","value":"java"}],"links":[],"name":"Add Supplier by inputting all required fields","status":"failed","statusDetails":{"known":false,"muted":false,"flaky":false,"message":"Timeout waiting for the element Visible. By.xpath: (//div[@class='form-control pop-done pop-control pop-control-click pop-connect xfocus-done xfocus'])[2]","trace":"java.lang.AssertionError: Timeout waiting for the element Visible. By.xpath: (//div[@class='form-control pop-done pop-control pop-control-click pop-connect xfocus-done xfocus'])[2]\n\tat org.testng.Assert.fail(Assert.java:99)\n\tat dinhthe.keywords.WebUI.waitForElementVisible(WebUI.java:190)\n\tat dinhthe.keywords.WebUI.clickElement(WebUI.java:121)\n\tat dinhthe.pages.AddSupplierPage.addSupplierNormal(AddSupplierPage.java:43)\n\tat dinhthe.testcases.AddSupplierTest.testAddCandidateValidWithRequiredFields(AddSupplierTest.java:26)\n\tat java.base/jdk.internal.reflect.DirectMethodHandleAccessor.invoke(DirectMethodHandleAccessor.java:104)\n\tat java.base/java.lang.reflect.Method.invoke(Method.java:578)\n\tat org.testng.internal.MethodInvocationHelper.invokeMethod(MethodInvocationHelper.java:133)\n\tat org.testng.internal.TestInvoker.invokeMethod(TestInvoker.java:598)\n\tat org.testng.internal.TestInvoker.invokeTestMethod(TestInvoker.java:173)\n\tat org.testng.internal.MethodRunner.runInSequence(MethodRunner.java:46)\n\tat org.testng.internal.TestInvoker$MethodInvocationAgent.invoke(TestInvoker.java:824)\n\tat org.testng.internal.TestInvoker.invokeTestMethods(TestInvoker.java:146)\n\tat org.testng.internal.TestMethodWorker.invokeTestMethods(TestMethodWorker.java:146)\n\tat org.testng.internal.TestMethodWorker.run(TestMethodWorker.java:128)\n\tat java.base/java.util.ArrayList.forEach(ArrayList.java:1511)\n\tat org.testng.TestRunner.privateRun(TestRunner.java:794)\n\tat org.testng.TestRunner.run(TestRunner.java:596)\n\tat org.testng.SuiteRunner.runTest(SuiteRunner.java:377)\n\tat org.testng.SuiteRunner.runSequentially(SuiteRunner.java:371)\n\tat org.testng.SuiteRunner.privateRun(SuiteRunner.java:332)\n\tat org.testng.SuiteRunner.run(SuiteRunner.java:276)\n\tat org.testng.SuiteRunnerWorker.runSuite(SuiteRunnerWorker.java:53)\n\tat org.testng.SuiteRunnerWorker.run(SuiteRunnerWorker.java:96)\n\tat org.testng.TestNG.runSuitesSequentially(TestNG.java:1212)\n\tat org.testng.TestNG.runSuitesLocally(TestNG.java:1134)\n\tat org.testng.TestNG.runSuites(TestNG.java:1063)\n\tat org.testng.TestNG.run(TestNG.java:1031)\n\tat com.intellij.rt.testng.IDEARemoteTestNG.run(IDEARemoteTestNG.java:65)\n\tat com.intellij.rt.testng.RemoteTestNGStarter.main(RemoteTestNGStarter.java:105)\n"},"stage":"finished","steps":[{"name":"Open URL: https://cloud-cloud.1office.vn/","status":"passed","stage":"finished","steps":[],"attachments":[{"name":"Open URL: https://cloud-cloud.1office.vn/","source":"127a78f8-7b52-46ca-a04c-5b947f3f5e78-attachment","type":"text/plain"}],"parameters":[{"name":"url","value":"https://cloud-cloud.1office.vn/"}],"start":1710928188667,"stop":1710928191581},{"name":"Set text admin on By.xpath: //input[@id='username']","status":"passed","stage":"finished","steps":[],"attachments":[],"parameters":[{"name":"by","value":"By.xpath: //input[@id='username']"},{"name":"value","value":"admin"}],"start":1710928191581,"stop":1710928191921},{"name":"Set text admin@123 on By.xpath: //input[@id='userpwd']","status":"passed","stage":"finished","steps":[],"attachments":[],"parameters":[{"name":"by","value":"By.xpath: //input[@id='userpwd']"},{"name":"value","value":"admin@123"}],"start":1710928191922,"stop":1710928192031},{"name":"Click element By.xpath: //button[@type='submit']","status":"passed","stage":"finished","steps":[],"attachments":[],"parameters":[{"name":"by","value":"By.xpath: //button[@type='submit']"}],"start":1710928194036,"stop":1710928199104},{"name":"Click element By.xpath: //a[@title='Phân hệ' and @class='header-link icon-thumbnails pop-done pop-control pop-control-click pop-connect']","status":"passed","stage":"finished","steps":[],"attachments":[],"parameters":[{"name":"by","value":"By.xpath: //a[@title='Phân hệ' and @class='header-link icon-thumbnails pop-done pop-control pop-control-click pop-connect']"}],"start":1710928199105,"stop":1710928199264},{"name":"Click element By.xpath: //span[@class='app-menu-item-desc' and text()='Quản lý, giám sát quy trình mua hàng']","status":"passed","stage":"finished","steps":[],"attachments":[],"parameters":[{"name":"by","value":"By.xpath: //span[@class='app-menu-item-desc' and text()='Quản lý, giám sát quy trình mua hàng']"}],"start":1710928199265,"stop":1710928199398},{"name":"Click element By.xpath: //a[@title='Tạo mới']","status":"passed","stage":"finished","steps":[],"attachments":[],"parameters":[{"name":"by","value":"By.xpath: //a[@title='Tạo mới']"}],"start":1710928199403,"stop":1710928202489},{"name":"Click element By.xpath: (//div[@class='title' and text()='Nhà cung cấp'])[2]","status":"passed","stage":"finished","steps":[],"attachments":[],"parameters":[{"name":"by","value":"By.xpath: (//div[@class='title' and text()='Nhà cung cấp'])[2]"}],"start":1710928202537,"stop":1710928202621},{"name":"Check element existing By.xpath: //div[@id='header-title']","status":"passed","stage":"finished","steps":[],"attachments":[],"parameters":[{"name":"by","value":"By.xpath: //div[@id='header-title']"}],"start":1710928202627,"stop":1710928202745},{"name":"Click element By.xpath: (//div[@class='form-control pop-done pop-control pop-control-click pop-connect xfocus-done xfocus'])[2] with timeout 1","status":"failed","statusDetails":{"known":false,"muted":false,"flaky":false,"message":"Timeout waiting for the element Visible. By.xpath: (//div[@class='form-control pop-done pop-control pop-control-click pop-connect xfocus-done xfocus'])[2]","trace":"java.lang.AssertionError: Timeout waiting for the element Visible. By.xpath: (//div[@class='form-control pop-done pop-control pop-control-click pop-connect xfocus-done xfocus'])[2]\n\tat org.testng.Assert.fail(Assert.java:99)\n\tat dinhthe.keywords.WebUI.waitForElementVisible(WebUI.java:190)\n\tat dinhthe.keywords.WebUI.clickElement(WebUI.java:121)\n\tat dinhthe.pages.AddSupplierPage.addSupplierNormal(AddSupplierPage.java:43)\n\tat dinhthe.testcases.AddSupplierTest.testAddCandidateValidWithRequiredFields(AddSupplierTest.java:26)\n\tat java.base/jdk.internal.reflect.DirectMethodHandleAccessor.invoke(DirectMethodHandleAccessor.java:104)\n\tat java.base/java.lang.reflect.Method.invoke(Method.java:578)\n\tat org.testng.internal.MethodInvocationHelper.invokeMethod(MethodInvocationHelper.java:133)\n\tat org.testng.internal.TestInvoker.invokeMethod(TestInvoker.java:598)\n\tat org.testng.internal.TestInvoker.invokeTestMethod(TestInvoker.java:173)\n\tat org.testng.internal.MethodRunner.runInSequence(MethodRunner.java:46)\n\tat org.testng.internal.TestInvoker$MethodInvocationAgent.invoke(TestInvoker.java:824)\n\tat org.testng.internal.TestInvoker.invokeTestMethods(TestInvoker.java:146)\n\tat org.testng.internal.TestMethodWorker.invokeTestMethods(TestMethodWorker.java:146)\n\tat org.testng.internal.TestMethodWorker.run(TestMethodWorker.java:128)\n\tat java.base/java.util.ArrayList.forEach(ArrayList.java:1511)\n\tat org.testng.TestRunner.privateRun(TestRunner.java:794)\n\tat org.testng.TestRunner.run(TestRunner.java:596)\n\tat org.testng.SuiteRunner.runTest(SuiteRunner.java:377)\n\tat org.testng.SuiteRunner.runSequentially(SuiteRunner.java:371)\n\tat org.testng.SuiteRunner.privateRun(SuiteRunner.java:332)\n\tat org.testng.SuiteRunner.run(SuiteRunner.java:276)\n\tat org.testng.SuiteRunnerWorker.runSuite(SuiteRunnerWorker.java:53)\n\tat org.testng.SuiteRunnerWorker.run(SuiteRunnerWorker.java:96)\n\tat org.testng.TestNG.runSuitesSequentially(TestNG.java:1212)\n\tat org.testng.TestNG.runSuitesLocally(TestNG.java:1134)\n\tat org.testng.TestNG.runSuites(TestNG.java:1063)\n\tat org.testng.TestNG.run(TestNG.java:1031)\n\tat com.intellij.rt.testng.IDEARemoteTestNG.run(IDEARemoteTestNG.java:65)\n\tat com.intellij.rt.testng.RemoteTestNGStarter.main(RemoteTestNGStarter.java:105)\n"},"stage":"finished","steps":[],"attachments":[],"parameters":[{"name":"by","value":"By.xpath: (//div[@class='form-control pop-done pop-control pop-control-click pop-connect xfocus-done xfocus'])[2]"},{"name":"timeout","value":"1"}],"start":1710928202749,"stop":1710928203849}],"attachments":[{"name":"testAddCandidateValidWithRequiredFields is failed.","source":"ca9fbf52-af39-40e1-8eba-d3c9549bc311-attachment","type":"text/plain"},{"name":"Page screenshot","source":"a06d57c6-9d7a-46d8-98d8-bfe4ed3fb7d4-attachment","type":"image/png"}],"parameters":[],"start":1710928188465,"stop":1710928204879}