{"uuid":"5e10074c-aa04-4091-a76f-0b16e466741b","historyId":"1893ba48ea90ea52a77b6f686fedc7c4","fullName":"dinhthe.testcases.AddDebtTest.testAddDebtSuccessfully","labels":[{"name":"package","value":"dinhthe.testcases.AddDebtTest"},{"name":"testClass","value":"dinhthe.testcases.AddDebtTest"},{"name":"testMethod","value":"testAddDebtSuccessfully"},{"name":"parentSuite","value":"Default Suite"},{"name":"suite","value":"SeleniumMavenDemo"},{"name":"subSuite","value":"dinhthe.testcases.AddDebtTest"},{"name":"host","value":"Dinhs-MacBook-Pro.local"},{"name":"thread","value":"16329@Dinhs-MacBook-Pro.local.main(1)"},{"name":"framework","value":"testng"},{"name":"language","value":"java"}],"links":[],"name":"TC_021: Test adding new debt to the supplier successfully","status":"broken","statusDetails":{"known":false,"muted":false,"flaky":false,"message":"element click intercepted: Element <span class=\"app-menu-item-desc\">...</span> is not clickable at point (414, 383). Other element would receive the click: <div v=\"div\" class=\"pop-box pop-box-mousedown pop-box-touchstart pop-box-processing\" tabindex=\"-1\" remove-monitor=\"1\" style=\"display: flex; flex-direction: column; visibility: visible; pointer-events: auto; left: 243px; top: 61px; position: fixed; z-index: 100; margin-right: 16px; max-height: 594px; overflow: auto; opacity: 1;\">...</div>\n  (Session info: chrome=124.0.6367.92)\nBuild info: version: '4.16.1', revision: '9b4c83354e'\nSystem info: os.name: 'Mac OS X', os.arch: 'x86_64', os.version: '13.1', java.version: '19.0.1'\nDriver info: org.openqa.selenium.chrome.ChromeDriver\nCommand: [4eb905a427a6c4ba705ed8b797a03d67, clickElement {id=f.25268CBB91C73BA0866DC7EE63A1DC9B.d.78935940CC5D1D03FD9ED8FE46944056.e.42}]\nCapabilities {acceptInsecureCerts: false, browserName: chrome, browserVersion: 124.0.6367.92, chrome: {chromedriverVersion: 124.0.6367.91 (51df0e5e17a8..., userDataDir: /var/folders/zc/lthy6f5d3wj...}, fedcm:accounts: true, goog:chromeOptions: {debuggerAddress: localhost:51828}, networkConnectionEnabled: false, pageLoadStrategy: normal, platformName: mac, proxy: Proxy(), se:cdp: ws://localhost:51828/devtoo..., se:cdpVersion: 124.0.6367.92, setWindowRect: true, strictFileInteractability: false, timeouts: {implicit: 0, pageLoad: 300000, script: 30000}, unhandledPromptBehavior: dismiss and notify, webauthn:extension:credBlob: true, webauthn:extension:largeBlob: true, webauthn:extension:minPinLength: true, webauthn:extension:prf: true, webauthn:virtualAuthenticators: true}\nElement: [[ChromeDriver: chrome on mac (4eb905a427a6c4ba705ed8b797a03d67)] -> xpath: //span[@class='app-menu-item-desc' and text()='Quản lý, giám sát quy trình mua hàng']]\nSession ID: 4eb905a427a6c4ba705ed8b797a03d67","trace":"org.openqa.selenium.ElementClickInterceptedException: element click intercepted: Element <span class=\"app-menu-item-desc\">...</span> is not clickable at point (414, 383). Other element would receive the click: <div v=\"div\" class=\"pop-box pop-box-mousedown pop-box-touchstart pop-box-processing\" tabindex=\"-1\" remove-monitor=\"1\" style=\"display: flex; flex-direction: column; visibility: visible; pointer-events: auto; left: 243px; top: 61px; position: fixed; z-index: 100; margin-right: 16px; max-height: 594px; overflow: auto; opacity: 1;\">...</div>\n  (Session info: chrome=124.0.6367.92)\nBuild info: version: '4.16.1', revision: '9b4c83354e'\nSystem info: os.name: 'Mac OS X', os.arch: 'x86_64', os.version: '13.1', java.version: '19.0.1'\nDriver info: org.openqa.selenium.chrome.ChromeDriver\nCommand: [4eb905a427a6c4ba705ed8b797a03d67, clickElement {id=f.25268CBB91C73BA0866DC7EE63A1DC9B.d.78935940CC5D1D03FD9ED8FE46944056.e.42}]\nCapabilities {acceptInsecureCerts: false, browserName: chrome, browserVersion: 124.0.6367.92, chrome: {chromedriverVersion: 124.0.6367.91 (51df0e5e17a8..., userDataDir: /var/folders/zc/lthy6f5d3wj...}, fedcm:accounts: true, goog:chromeOptions: {debuggerAddress: localhost:51828}, networkConnectionEnabled: false, pageLoadStrategy: normal, platformName: mac, proxy: Proxy(), se:cdp: ws://localhost:51828/devtoo..., se:cdpVersion: 124.0.6367.92, setWindowRect: true, strictFileInteractability: false, timeouts: {implicit: 0, pageLoad: 300000, script: 30000}, unhandledPromptBehavior: dismiss and notify, webauthn:extension:credBlob: true, webauthn:extension:largeBlob: true, webauthn:extension:minPinLength: true, webauthn:extension:prf: true, webauthn:virtualAuthenticators: true}\nElement: [[ChromeDriver: chrome on mac (4eb905a427a6c4ba705ed8b797a03d67)] -> xpath: //span[@class='app-menu-item-desc' and text()='Quản lý, giám sát quy trình mua hàng']]\nSession ID: 4eb905a427a6c4ba705ed8b797a03d67\n\tat java.base/jdk.internal.reflect.DirectConstructorHandleAccessor.newInstance(DirectConstructorHandleAccessor.java:67)\n\tat java.base/java.lang.reflect.Constructor.newInstanceWithCaller(Constructor.java:500)\n\tat java.base/java.lang.reflect.Constructor.newInstance(Constructor.java:484)\n\tat org.openqa.selenium.remote.codec.w3c.W3CHttpResponseCodec.createException(W3CHttpResponseCodec.java:200)\n\tat org.openqa.selenium.remote.codec.w3c.W3CHttpResponseCodec.decode(W3CHttpResponseCodec.java:133)\n\tat org.openqa.selenium.remote.codec.w3c.W3CHttpResponseCodec.decode(W3CHttpResponseCodec.java:52)\n\tat org.openqa.selenium.remote.HttpCommandExecutor.execute(HttpCommandExecutor.java:191)\n\tat org.openqa.selenium.remote.service.DriverCommandExecutor.invokeExecute(DriverCommandExecutor.java:200)\n\tat org.openqa.selenium.remote.service.DriverCommandExecutor.execute(DriverCommandExecutor.java:175)\n\tat org.openqa.selenium.remote.RemoteWebDriver.execute(RemoteWebDriver.java:523)\n\tat org.openqa.selenium.remote.RemoteWebElement.execute(RemoteWebElement.java:224)\n\tat org.openqa.selenium.remote.RemoteWebElement.click(RemoteWebElement.java:77)\n\tat dinhthe.keywords.WebUI.clickElement(WebUI.java:135)\n\tat dinhthe.pages.SupplierPage.openListSupplier(SupplierPage.java:32)\n\tat dinhthe.pages.AddSupplierDebt.openPageSupplierDetail(AddSupplierDebt.java:31)\n\tat dinhthe.testcases.AddDebtTest.testAddDebtSuccessfully(AddDebtTest.java:29)\n\tat java.base/jdk.internal.reflect.DirectMethodHandleAccessor.invoke(DirectMethodHandleAccessor.java:104)\n\tat java.base/java.lang.reflect.Method.invoke(Method.java:578)\n\tat org.testng.internal.MethodInvocationHelper.invokeMethod(MethodInvocationHelper.java:133)\n\tat org.testng.internal.TestInvoker.invokeMethod(TestInvoker.java:598)\n\tat org.testng.internal.TestInvoker.invokeTestMethod(TestInvoker.java:173)\n\tat org.testng.internal.MethodRunner.runInSequence(MethodRunner.java:46)\n\tat org.testng.internal.TestInvoker$MethodInvocationAgent.invoke(TestInvoker.java:824)\n\tat org.testng.internal.TestInvoker.invokeTestMethods(TestInvoker.java:146)\n\tat org.testng.internal.TestMethodWorker.invokeTestMethods(TestMethodWorker.java:146)\n\tat org.testng.internal.TestMethodWorker.run(TestMethodWorker.java:128)\n\tat java.base/java.util.ArrayList.forEach(ArrayList.java:1511)\n\tat org.testng.TestRunner.privateRun(TestRunner.java:794)\n\tat org.testng.TestRunner.run(TestRunner.java:596)\n\tat org.testng.SuiteRunner.runTest(SuiteRunner.java:377)\n\tat org.testng.SuiteRunner.runSequentially(SuiteRunner.java:371)\n\tat org.testng.SuiteRunner.privateRun(SuiteRunner.java:332)\n\tat org.testng.SuiteRunner.run(SuiteRunner.java:276)\n\tat org.testng.SuiteRunnerWorker.runSuite(SuiteRunnerWorker.java:53)\n\tat org.testng.SuiteRunnerWorker.run(SuiteRunnerWorker.java:96)\n\tat org.testng.TestNG.runSuitesSequentially(TestNG.java:1212)\n\tat org.testng.TestNG.runSuitesLocally(TestNG.java:1134)\n\tat org.testng.TestNG.runSuites(TestNG.java:1063)\n\tat org.testng.TestNG.run(TestNG.java:1031)\n\tat com.intellij.rt.testng.IDEARemoteTestNG.run(IDEARemoteTestNG.java:65)\n\tat com.intellij.rt.testng.RemoteTestNGStarter.main(RemoteTestNGStarter.java:105)\n"},"stage":"finished","steps":[{"name":"Open URL: https://cloud-cloud.1office.vn/","status":"passed","stage":"finished","steps":[],"attachments":[{"name":"Open URL: https://cloud-cloud.1office.vn/","source":"a91c1202-d447-4f76-88cf-9b016c3b9563-attachment","type":"text/plain"}],"parameters":[{"name":"url","value":"https://cloud-cloud.1office.vn/"}],"start":1714392776584,"stop":1714392779766},{"name":"Set text admin on By.xpath: //input[@id='username']","status":"passed","stage":"finished","steps":[],"attachments":[],"parameters":[{"name":"by","value":"By.xpath: //input[@id='username']"},{"name":"value","value":"admin"}],"start":1714392779767,"stop":1714392780034},{"name":"Set text admin@123 on By.xpath: //input[@id='userpwd']","status":"passed","stage":"finished","steps":[],"attachments":[],"parameters":[{"name":"by","value":"By.xpath: //input[@id='userpwd']"},{"name":"value","value":"admin@123"}],"start":1714392780035,"stop":1714392780189},{"name":"Click element By.xpath: //button[@type='submit']","status":"passed","stage":"finished","steps":[],"attachments":[],"parameters":[{"name":"by","value":"By.xpath: //button[@type='submit']"}],"start":1714392780189,"stop":1714392784387},{"name":"Click element By.xpath: //a[@title='Phân hệ' and @class='header-link icon-thumbnails pop-done pop-control pop-control-click pop-connect']","status":"passed","stage":"finished","steps":[],"attachments":[],"parameters":[{"name":"by","value":"By.xpath: //a[@title='Phân hệ' and @class='header-link icon-thumbnails pop-done pop-control pop-control-click pop-connect']"}],"start":1714392784395,"stop":1714392784539},{"name":"Click element By.xpath: //span[@class='app-menu-item-desc' and text()='Quản lý, giám sát quy trình mua hàng']","status":"broken","statusDetails":{"known":false,"muted":false,"flaky":false,"message":"element click intercepted: Element <span class=\"app-menu-item-desc\">...</span> is not clickable at point (414, 383). Other element would receive the click: <div v=\"div\" class=\"pop-box pop-box-mousedown pop-box-touchstart pop-box-processing\" tabindex=\"-1\" remove-monitor=\"1\" style=\"display: flex; flex-direction: column; visibility: visible; pointer-events: auto; left: 243px; top: 61px; position: fixed; z-index: 100; margin-right: 16px; max-height: 594px; overflow: auto; opacity: 1;\">...</div>\n  (Session info: chrome=124.0.6367.92)\nBuild info: version: '4.16.1', revision: '9b4c83354e'\nSystem info: os.name: 'Mac OS X', os.arch: 'x86_64', os.version: '13.1', java.version: '19.0.1'\nDriver info: org.openqa.selenium.chrome.ChromeDriver\nCommand: [4eb905a427a6c4ba705ed8b797a03d67, clickElement {id=f.25268CBB91C73BA0866DC7EE63A1DC9B.d.78935940CC5D1D03FD9ED8FE46944056.e.42}]\nCapabilities {acceptInsecureCerts: false, browserName: chrome, browserVersion: 124.0.6367.92, chrome: {chromedriverVersion: 124.0.6367.91 (51df0e5e17a8..., userDataDir: /var/folders/zc/lthy6f5d3wj...}, fedcm:accounts: true, goog:chromeOptions: {debuggerAddress: localhost:51828}, networkConnectionEnabled: false, pageLoadStrategy: normal, platformName: mac, proxy: Proxy(), se:cdp: ws://localhost:51828/devtoo..., se:cdpVersion: 124.0.6367.92, setWindowRect: true, strictFileInteractability: false, timeouts: {implicit: 0, pageLoad: 300000, script: 30000}, unhandledPromptBehavior: dismiss and notify, webauthn:extension:credBlob: true, webauthn:extension:largeBlob: true, webauthn:extension:minPinLength: true, webauthn:extension:prf: true, webauthn:virtualAuthenticators: true}\nElement: [[ChromeDriver: chrome on mac (4eb905a427a6c4ba705ed8b797a03d67)] -> xpath: //span[@class='app-menu-item-desc' and text()='Quản lý, giám sát quy trình mua hàng']]\nSession ID: 4eb905a427a6c4ba705ed8b797a03d67","trace":"org.openqa.selenium.ElementClickInterceptedException: element click intercepted: Element <span class=\"app-menu-item-desc\">...</span> is not clickable at point (414, 383). Other element would receive the click: <div v=\"div\" class=\"pop-box pop-box-mousedown pop-box-touchstart pop-box-processing\" tabindex=\"-1\" remove-monitor=\"1\" style=\"display: flex; flex-direction: column; visibility: visible; pointer-events: auto; left: 243px; top: 61px; position: fixed; z-index: 100; margin-right: 16px; max-height: 594px; overflow: auto; opacity: 1;\">...</div>\n  (Session info: chrome=124.0.6367.92)\nBuild info: version: '4.16.1', revision: '9b4c83354e'\nSystem info: os.name: 'Mac OS X', os.arch: 'x86_64', os.version: '13.1', java.version: '19.0.1'\nDriver info: org.openqa.selenium.chrome.ChromeDriver\nCommand: [4eb905a427a6c4ba705ed8b797a03d67, clickElement {id=f.25268CBB91C73BA0866DC7EE63A1DC9B.d.78935940CC5D1D03FD9ED8FE46944056.e.42}]\nCapabilities {acceptInsecureCerts: false, browserName: chrome, browserVersion: 124.0.6367.92, chrome: {chromedriverVersion: 124.0.6367.91 (51df0e5e17a8..., userDataDir: /var/folders/zc/lthy6f5d3wj...}, fedcm:accounts: true, goog:chromeOptions: {debuggerAddress: localhost:51828}, networkConnectionEnabled: false, pageLoadStrategy: normal, platformName: mac, proxy: Proxy(), se:cdp: ws://localhost:51828/devtoo..., se:cdpVersion: 124.0.6367.92, setWindowRect: true, strictFileInteractability: false, timeouts: {implicit: 0, pageLoad: 300000, script: 30000}, unhandledPromptBehavior: dismiss and notify, webauthn:extension:credBlob: true, webauthn:extension:largeBlob: true, webauthn:extension:minPinLength: true, webauthn:extension:prf: true, webauthn:virtualAuthenticators: true}\nElement: [[ChromeDriver: chrome on mac (4eb905a427a6c4ba705ed8b797a03d67)] -> xpath: //span[@class='app-menu-item-desc' and text()='Quản lý, giám sát quy trình mua hàng']]\nSession ID: 4eb905a427a6c4ba705ed8b797a03d67\n\tat java.base/jdk.internal.reflect.DirectConstructorHandleAccessor.newInstance(DirectConstructorHandleAccessor.java:67)\n\tat java.base/java.lang.reflect.Constructor.newInstanceWithCaller(Constructor.java:500)\n\tat java.base/java.lang.reflect.Constructor.newInstance(Constructor.java:484)\n\tat org.openqa.selenium.remote.codec.w3c.W3CHttpResponseCodec.createException(W3CHttpResponseCodec.java:200)\n\tat org.openqa.selenium.remote.codec.w3c.W3CHttpResponseCodec.decode(W3CHttpResponseCodec.java:133)\n\tat org.openqa.selenium.remote.codec.w3c.W3CHttpResponseCodec.decode(W3CHttpResponseCodec.java:52)\n\tat org.openqa.selenium.remote.HttpCommandExecutor.execute(HttpCommandExecutor.java:191)\n\tat org.openqa.selenium.remote.service.DriverCommandExecutor.invokeExecute(DriverCommandExecutor.java:200)\n\tat org.openqa.selenium.remote.service.DriverCommandExecutor.execute(DriverCommandExecutor.java:175)\n\tat org.openqa.selenium.remote.RemoteWebDriver.execute(RemoteWebDriver.java:523)\n\tat org.openqa.selenium.remote.RemoteWebElement.execute(RemoteWebElement.java:224)\n\tat org.openqa.selenium.remote.RemoteWebElement.click(RemoteWebElement.java:77)\n\tat dinhthe.keywords.WebUI.clickElement(WebUI.java:135)\n\tat dinhthe.pages.SupplierPage.openListSupplier(SupplierPage.java:32)\n\tat dinhthe.pages.AddSupplierDebt.openPageSupplierDetail(AddSupplierDebt.java:31)\n\tat dinhthe.testcases.AddDebtTest.testAddDebtSuccessfully(AddDebtTest.java:29)\n\tat java.base/jdk.internal.reflect.DirectMethodHandleAccessor.invoke(DirectMethodHandleAccessor.java:104)\n\tat java.base/java.lang.reflect.Method.invoke(Method.java:578)\n\tat org.testng.internal.MethodInvocationHelper.invokeMethod(MethodInvocationHelper.java:133)\n\tat org.testng.internal.TestInvoker.invokeMethod(TestInvoker.java:598)\n\tat org.testng.internal.TestInvoker.invokeTestMethod(TestInvoker.java:173)\n\tat org.testng.internal.MethodRunner.runInSequence(MethodRunner.java:46)\n\tat org.testng.internal.TestInvoker$MethodInvocationAgent.invoke(TestInvoker.java:824)\n\tat org.testng.internal.TestInvoker.invokeTestMethods(TestInvoker.java:146)\n\tat org.testng.internal.TestMethodWorker.invokeTestMethods(TestMethodWorker.java:146)\n\tat org.testng.internal.TestMethodWorker.run(TestMethodWorker.java:128)\n\tat java.base/java.util.ArrayList.forEach(ArrayList.java:1511)\n\tat org.testng.TestRunner.privateRun(TestRunner.java:794)\n\tat org.testng.TestRunner.run(TestRunner.java:596)\n\tat org.testng.SuiteRunner.runTest(SuiteRunner.java:377)\n\tat org.testng.SuiteRunner.runSequentially(SuiteRunner.java:371)\n\tat org.testng.SuiteRunner.privateRun(SuiteRunner.java:332)\n\tat org.testng.SuiteRunner.run(SuiteRunner.java:276)\n\tat org.testng.SuiteRunnerWorker.runSuite(SuiteRunnerWorker.java:53)\n\tat org.testng.SuiteRunnerWorker.run(SuiteRunnerWorker.java:96)\n\tat org.testng.TestNG.runSuitesSequentially(TestNG.java:1212)\n\tat org.testng.TestNG.runSuitesLocally(TestNG.java:1134)\n\tat org.testng.TestNG.runSuites(TestNG.java:1063)\n\tat org.testng.TestNG.run(TestNG.java:1031)\n\tat com.intellij.rt.testng.IDEARemoteTestNG.run(IDEARemoteTestNG.java:65)\n\tat com.intellij.rt.testng.RemoteTestNGStarter.main(RemoteTestNGStarter.java:105)\n"},"stage":"finished","steps":[],"attachments":[],"parameters":[{"name":"by","value":"By.xpath: //span[@class='app-menu-item-desc' and text()='Quản lý, giám sát quy trình mua hàng']"}],"start":1714392784540,"stop":1714392786622}],"attachments":[{"name":"testAddDebtSuccessfully is failed.","source":"2a30f6a5-cb23-4d2c-a69f-35159fb6038c-attachment","type":"text/plain"},{"name":"Page screenshot","source":"ca94a237-51ea-46f1-843c-9f59fc56869d-attachment","type":"image/png"}],"parameters":[],"start":1714392776584,"stop":1714392789822}