{"uuid":"6abf6f5f-fb38-47d5-bfcb-eb0daff5ad95","historyId":"4402062bfdcea4e574a9cdb5feddab7f","fullName":"dinhthe.testcases.AddSupplierTest.testOpenAddSupplier","labels":[{"name":"package","value":"dinhthe.testcases.AddSupplierTest"},{"name":"testClass","value":"dinhthe.testcases.AddSupplierTest"},{"name":"testMethod","value":"testOpenAddSupplier"},{"name":"parentSuite","value":"Surefire suite"},{"name":"suite","value":"Surefire test"},{"name":"subSuite","value":"dinhthe.testcases.AddSupplierTest"},{"name":"host","value":"Dinhs-MacBook-Pro.local"},{"name":"thread","value":"7877@Dinhs-MacBook-Pro.local.main(1)"},{"name":"framework","value":"testng"},{"name":"language","value":"java"}],"links":[],"name":"TC_008: Test open page add new supplier","status":"broken","statusDetails":{"known":false,"muted":false,"flaky":false,"message":"element click intercepted: Element <span class=\"app-menu-item-desc\">...</span> is not clickable at point (414, 383). Other element would receive the click: <div v=\"div\" class=\"pop-box pop-box-mousedown pop-box-touchstart pop-box-processing\" tabindex=\"-1\" remove-monitor=\"1\" style=\"display: flex; flex-direction: column; visibility: visible; pointer-events: auto; left: 243px; top: 61px; position: fixed; z-index: 100; margin-right: 16px; max-height: 594px; overflow: auto; opacity: 1;\">...</div>\n  (Session info: chrome=124.0.6367.92)\nBuild info: version: '4.16.1', revision: '9b4c83354e'\nSystem info: os.name: 'Mac OS X', os.arch: 'x86_64', os.version: '13.1', java.version: '19.0.1'\nDriver info: org.openqa.selenium.chrome.ChromeDriver\nCommand: [69de9227f012015889cfdbf49e0b2b3e, clickElement {id=f.ABFABF76E953CBEBEEFB3A194D847865.d.666EB6237073505BEF3E9B50C8FCC74B.e.39}]\nCapabilities {acceptInsecureCerts: false, browserName: chrome, browserVersion: 124.0.6367.92, chrome: {chromedriverVersion: 124.0.6367.91 (51df0e5e17a8..., userDataDir: /var/folders/zc/lthy6f5d3wj...}, fedcm:accounts: true, goog:chromeOptions: {debuggerAddress: localhost:51133}, networkConnectionEnabled: false, pageLoadStrategy: normal, platformName: mac, proxy: Proxy(), se:cdp: ws://localhost:51133/devtoo..., se:cdpVersion: 124.0.6367.92, setWindowRect: true, strictFileInteractability: false, timeouts: {implicit: 0, pageLoad: 300000, script: 30000}, unhandledPromptBehavior: dismiss and notify, webauthn:extension:credBlob: true, webauthn:extension:largeBlob: true, webauthn:extension:minPinLength: true, webauthn:extension:prf: true, webauthn:virtualAuthenticators: true}\nElement: [[ChromeDriver: chrome on mac (69de9227f012015889cfdbf49e0b2b3e)] -> xpath: //span[@class='app-menu-item-desc' and text()='Quản lý, giám sát quy trình mua hàng']]\nSession ID: 69de9227f012015889cfdbf49e0b2b3e","trace":"org.openqa.selenium.ElementClickInterceptedException: element click intercepted: Element <span class=\"app-menu-item-desc\">...</span> is not clickable at point (414, 383). Other element would receive the click: <div v=\"div\" class=\"pop-box pop-box-mousedown pop-box-touchstart pop-box-processing\" tabindex=\"-1\" remove-monitor=\"1\" style=\"display: flex; flex-direction: column; visibility: visible; pointer-events: auto; left: 243px; top: 61px; position: fixed; z-index: 100; margin-right: 16px; max-height: 594px; overflow: auto; opacity: 1;\">...</div>\n  (Session info: chrome=124.0.6367.92)\nBuild info: version: '4.16.1', revision: '9b4c83354e'\nSystem info: os.name: 'Mac OS X', os.arch: 'x86_64', os.version: '13.1', java.version: '19.0.1'\nDriver info: org.openqa.selenium.chrome.ChromeDriver\nCommand: [69de9227f012015889cfdbf49e0b2b3e, clickElement {id=f.ABFABF76E953CBEBEEFB3A194D847865.d.666EB6237073505BEF3E9B50C8FCC74B.e.39}]\nCapabilities {acceptInsecureCerts: false, browserName: chrome, browserVersion: 124.0.6367.92, chrome: {chromedriverVersion: 124.0.6367.91 (51df0e5e17a8..., userDataDir: /var/folders/zc/lthy6f5d3wj...}, fedcm:accounts: true, goog:chromeOptions: {debuggerAddress: localhost:51133}, networkConnectionEnabled: false, pageLoadStrategy: normal, platformName: mac, proxy: Proxy(), se:cdp: ws://localhost:51133/devtoo..., se:cdpVersion: 124.0.6367.92, setWindowRect: true, strictFileInteractability: false, timeouts: {implicit: 0, pageLoad: 300000, script: 30000}, unhandledPromptBehavior: dismiss and notify, webauthn:extension:credBlob: true, webauthn:extension:largeBlob: true, webauthn:extension:minPinLength: true, webauthn:extension:prf: true, webauthn:virtualAuthenticators: true}\nElement: [[ChromeDriver: chrome on mac (69de9227f012015889cfdbf49e0b2b3e)] -> xpath: //span[@class='app-menu-item-desc' and text()='Quản lý, giám sát quy trình mua hàng']]\nSession ID: 69de9227f012015889cfdbf49e0b2b3e\n\tat java.base/jdk.internal.reflect.DirectConstructorHandleAccessor.newInstance(DirectConstructorHandleAccessor.java:67)\n\tat java.base/java.lang.reflect.Constructor.newInstanceWithCaller(Constructor.java:500)\n\tat java.base/java.lang.reflect.Constructor.newInstance(Constructor.java:484)\n\tat org.openqa.selenium.remote.codec.w3c.W3CHttpResponseCodec.createException(W3CHttpResponseCodec.java:200)\n\tat org.openqa.selenium.remote.codec.w3c.W3CHttpResponseCodec.decode(W3CHttpResponseCodec.java:133)\n\tat org.openqa.selenium.remote.codec.w3c.W3CHttpResponseCodec.decode(W3CHttpResponseCodec.java:52)\n\tat org.openqa.selenium.remote.HttpCommandExecutor.execute(HttpCommandExecutor.java:191)\n\tat org.openqa.selenium.remote.service.DriverCommandExecutor.invokeExecute(DriverCommandExecutor.java:200)\n\tat org.openqa.selenium.remote.service.DriverCommandExecutor.execute(DriverCommandExecutor.java:175)\n\tat org.openqa.selenium.remote.RemoteWebDriver.execute(RemoteWebDriver.java:523)\n\tat org.openqa.selenium.remote.RemoteWebElement.execute(RemoteWebElement.java:224)\n\tat org.openqa.selenium.remote.RemoteWebElement.click(RemoteWebElement.java:77)\n\tat dinhthe.keywords.WebUI.clickElement(WebUI.java:135)\n\tat dinhthe.pages.AddSupplierPage.openAddSupplier(AddSupplierPage.java:59)\n\tat dinhthe.testcases.AddSupplierTest.testOpenAddSupplier(AddSupplierTest.java:18)\n\tat java.base/jdk.internal.reflect.DirectMethodHandleAccessor.invoke(DirectMethodHandleAccessor.java:104)\n\tat java.base/java.lang.reflect.Method.invoke(Method.java:578)\n\tat org.testng.internal.MethodInvocationHelper.invokeMethod(MethodInvocationHelper.java:133)\n\tat org.testng.internal.TestInvoker.invokeMethod(TestInvoker.java:598)\n\tat org.testng.internal.TestInvoker.invokeTestMethod(TestInvoker.java:173)\n\tat org.testng.internal.MethodRunner.runInSequence(MethodRunner.java:46)\n\tat org.testng.internal.TestInvoker$MethodInvocationAgent.invoke(TestInvoker.java:824)\n\tat org.testng.internal.TestInvoker.invokeTestMethods(TestInvoker.java:146)\n\tat org.testng.internal.TestMethodWorker.invokeTestMethods(TestMethodWorker.java:146)\n\tat org.testng.internal.TestMethodWorker.run(TestMethodWorker.java:128)\n\tat java.base/java.util.ArrayList.forEach(ArrayList.java:1511)\n\tat org.testng.TestRunner.privateRun(TestRunner.java:794)\n\tat org.testng.TestRunner.run(TestRunner.java:596)\n\tat org.testng.SuiteRunner.runTest(SuiteRunner.java:377)\n\tat org.testng.SuiteRunner.runSequentially(SuiteRunner.java:371)\n\tat org.testng.SuiteRunner.privateRun(SuiteRunner.java:332)\n\tat org.testng.SuiteRunner.run(SuiteRunner.java:276)\n\tat org.testng.SuiteRunnerWorker.runSuite(SuiteRunnerWorker.java:53)\n\tat org.testng.SuiteRunnerWorker.run(SuiteRunnerWorker.java:96)\n\tat org.testng.TestNG.runSuitesSequentially(TestNG.java:1212)\n\tat org.testng.TestNG.runSuitesLocally(TestNG.java:1134)\n\tat org.testng.TestNG.runSuites(TestNG.java:1063)\n\tat org.testng.TestNG.run(TestNG.java:1031)\n\tat org.apache.maven.surefire.testng.TestNGExecutor.run(TestNGExecutor.java:155)\n\tat org.apache.maven.surefire.testng.TestNGDirectoryTestSuite.executeSingleClass(TestNGDirectoryTestSuite.java:102)\n\tat org.apache.maven.surefire.testng.TestNGDirectoryTestSuite.execute(TestNGDirectoryTestSuite.java:91)\n\tat org.apache.maven.surefire.testng.TestNGProvider.invoke(TestNGProvider.java:137)\n\tat org.apache.maven.surefire.booter.ForkedBooter.runSuitesInProcess(ForkedBooter.java:385)\n\tat org.apache.maven.surefire.booter.ForkedBooter.execute(ForkedBooter.java:162)\n\tat org.apache.maven.surefire.booter.ForkedBooter.run(ForkedBooter.java:507)\n\tat org.apache.maven.surefire.booter.ForkedBooter.main(ForkedBooter.java:495)\n"},"stage":"finished","steps":[{"name":"Open URL: https://cloud-cloud.1office.vn/","status":"passed","stage":"finished","steps":[],"attachments":[{"name":"Open URL: https://cloud-cloud.1office.vn/","source":"01ced97d-57e3-4bfc-9cb0-c19cd9640957-attachment","type":"text/plain"}],"parameters":[{"name":"url","value":"https://cloud-cloud.1office.vn/"}],"start":1714279796971,"stop":1714279799934},{"name":"Set text admin on By.xpath: //input[@id='username']","status":"passed","stage":"finished","steps":[],"attachments":[],"parameters":[{"name":"by","value":"By.xpath: //input[@id='username']"},{"name":"value","value":"admin"}],"start":1714279799935,"stop":1714279800226},{"name":"Set text admin@123 on By.xpath: //input[@id='userpwd']","status":"passed","stage":"finished","steps":[],"attachments":[],"parameters":[{"name":"by","value":"By.xpath: //input[@id='userpwd']"},{"name":"value","value":"admin@123"}],"start":1714279800226,"stop":1714279800421},{"name":"Click element By.xpath: //button[@type='submit']","status":"passed","stage":"finished","steps":[],"attachments":[],"parameters":[{"name":"by","value":"By.xpath: //button[@type='submit']"}],"start":1714279800421,"stop":1714279803782},{"name":"Click element By.xpath: //a[@title='Phân hệ' and @class='header-link icon-thumbnails pop-done pop-control pop-control-click pop-connect']","status":"passed","stage":"finished","steps":[],"attachments":[],"parameters":[{"name":"by","value":"By.xpath: //a[@title='Phân hệ' and @class='header-link icon-thumbnails pop-done pop-control pop-control-click pop-connect']"}],"start":1714279803790,"stop":1714279803891},{"name":"Click element By.xpath: //span[@class='app-menu-item-desc' and text()='Quản lý, giám sát quy trình mua hàng']","status":"broken","statusDetails":{"known":false,"muted":false,"flaky":false,"message":"element click intercepted: Element <span class=\"app-menu-item-desc\">...</span> is not clickable at point (414, 383). Other element would receive the click: <div v=\"div\" class=\"pop-box pop-box-mousedown pop-box-touchstart pop-box-processing\" tabindex=\"-1\" remove-monitor=\"1\" style=\"display: flex; flex-direction: column; visibility: visible; pointer-events: auto; left: 243px; top: 61px; position: fixed; z-index: 100; margin-right: 16px; max-height: 594px; overflow: auto; opacity: 1;\">...</div>\n  (Session info: chrome=124.0.6367.92)\nBuild info: version: '4.16.1', revision: '9b4c83354e'\nSystem info: os.name: 'Mac OS X', os.arch: 'x86_64', os.version: '13.1', java.version: '19.0.1'\nDriver info: org.openqa.selenium.chrome.ChromeDriver\nCommand: [69de9227f012015889cfdbf49e0b2b3e, clickElement {id=f.ABFABF76E953CBEBEEFB3A194D847865.d.666EB6237073505BEF3E9B50C8FCC74B.e.39}]\nCapabilities {acceptInsecureCerts: false, browserName: chrome, browserVersion: 124.0.6367.92, chrome: {chromedriverVersion: 124.0.6367.91 (51df0e5e17a8..., userDataDir: /var/folders/zc/lthy6f5d3wj...}, fedcm:accounts: true, goog:chromeOptions: {debuggerAddress: localhost:51133}, networkConnectionEnabled: false, pageLoadStrategy: normal, platformName: mac, proxy: Proxy(), se:cdp: ws://localhost:51133/devtoo..., se:cdpVersion: 124.0.6367.92, setWindowRect: true, strictFileInteractability: false, timeouts: {implicit: 0, pageLoad: 300000, script: 30000}, unhandledPromptBehavior: dismiss and notify, webauthn:extension:credBlob: true, webauthn:extension:largeBlob: true, webauthn:extension:minPinLength: true, webauthn:extension:prf: true, webauthn:virtualAuthenticators: true}\nElement: [[ChromeDriver: chrome on mac (69de9227f012015889cfdbf49e0b2b3e)] -> xpath: //span[@class='app-menu-item-desc' and text()='Quản lý, giám sát quy trình mua hàng']]\nSession ID: 69de9227f012015889cfdbf49e0b2b3e","trace":"org.openqa.selenium.ElementClickInterceptedException: element click intercepted: Element <span class=\"app-menu-item-desc\">...</span> is not clickable at point (414, 383). Other element would receive the click: <div v=\"div\" class=\"pop-box pop-box-mousedown pop-box-touchstart pop-box-processing\" tabindex=\"-1\" remove-monitor=\"1\" style=\"display: flex; flex-direction: column; visibility: visible; pointer-events: auto; left: 243px; top: 61px; position: fixed; z-index: 100; margin-right: 16px; max-height: 594px; overflow: auto; opacity: 1;\">...</div>\n  (Session info: chrome=124.0.6367.92)\nBuild info: version: '4.16.1', revision: '9b4c83354e'\nSystem info: os.name: 'Mac OS X', os.arch: 'x86_64', os.version: '13.1', java.version: '19.0.1'\nDriver info: org.openqa.selenium.chrome.ChromeDriver\nCommand: [69de9227f012015889cfdbf49e0b2b3e, clickElement {id=f.ABFABF76E953CBEBEEFB3A194D847865.d.666EB6237073505BEF3E9B50C8FCC74B.e.39}]\nCapabilities {acceptInsecureCerts: false, browserName: chrome, browserVersion: 124.0.6367.92, chrome: {chromedriverVersion: 124.0.6367.91 (51df0e5e17a8..., userDataDir: /var/folders/zc/lthy6f5d3wj...}, fedcm:accounts: true, goog:chromeOptions: {debuggerAddress: localhost:51133}, networkConnectionEnabled: false, pageLoadStrategy: normal, platformName: mac, proxy: Proxy(), se:cdp: ws://localhost:51133/devtoo..., se:cdpVersion: 124.0.6367.92, setWindowRect: true, strictFileInteractability: false, timeouts: {implicit: 0, pageLoad: 300000, script: 30000}, unhandledPromptBehavior: dismiss and notify, webauthn:extension:credBlob: true, webauthn:extension:largeBlob: true, webauthn:extension:minPinLength: true, webauthn:extension:prf: true, webauthn:virtualAuthenticators: true}\nElement: [[ChromeDriver: chrome on mac (69de9227f012015889cfdbf49e0b2b3e)] -> xpath: //span[@class='app-menu-item-desc' and text()='Quản lý, giám sát quy trình mua hàng']]\nSession ID: 69de9227f012015889cfdbf49e0b2b3e\n\tat java.base/jdk.internal.reflect.DirectConstructorHandleAccessor.newInstance(DirectConstructorHandleAccessor.java:67)\n\tat java.base/java.lang.reflect.Constructor.newInstanceWithCaller(Constructor.java:500)\n\tat java.base/java.lang.reflect.Constructor.newInstance(Constructor.java:484)\n\tat org.openqa.selenium.remote.codec.w3c.W3CHttpResponseCodec.createException(W3CHttpResponseCodec.java:200)\n\tat org.openqa.selenium.remote.codec.w3c.W3CHttpResponseCodec.decode(W3CHttpResponseCodec.java:133)\n\tat org.openqa.selenium.remote.codec.w3c.W3CHttpResponseCodec.decode(W3CHttpResponseCodec.java:52)\n\tat org.openqa.selenium.remote.HttpCommandExecutor.execute(HttpCommandExecutor.java:191)\n\tat org.openqa.selenium.remote.service.DriverCommandExecutor.invokeExecute(DriverCommandExecutor.java:200)\n\tat org.openqa.selenium.remote.service.DriverCommandExecutor.execute(DriverCommandExecutor.java:175)\n\tat org.openqa.selenium.remote.RemoteWebDriver.execute(RemoteWebDriver.java:523)\n\tat org.openqa.selenium.remote.RemoteWebElement.execute(RemoteWebElement.java:224)\n\tat org.openqa.selenium.remote.RemoteWebElement.click(RemoteWebElement.java:77)\n\tat dinhthe.keywords.WebUI.clickElement(WebUI.java:135)\n\tat dinhthe.pages.AddSupplierPage.openAddSupplier(AddSupplierPage.java:59)\n\tat dinhthe.testcases.AddSupplierTest.testOpenAddSupplier(AddSupplierTest.java:18)\n\tat java.base/jdk.internal.reflect.DirectMethodHandleAccessor.invoke(DirectMethodHandleAccessor.java:104)\n\tat java.base/java.lang.reflect.Method.invoke(Method.java:578)\n\tat org.testng.internal.MethodInvocationHelper.invokeMethod(MethodInvocationHelper.java:133)\n\tat org.testng.internal.TestInvoker.invokeMethod(TestInvoker.java:598)\n\tat org.testng.internal.TestInvoker.invokeTestMethod(TestInvoker.java:173)\n\tat org.testng.internal.MethodRunner.runInSequence(MethodRunner.java:46)\n\tat org.testng.internal.TestInvoker$MethodInvocationAgent.invoke(TestInvoker.java:824)\n\tat org.testng.internal.TestInvoker.invokeTestMethods(TestInvoker.java:146)\n\tat org.testng.internal.TestMethodWorker.invokeTestMethods(TestMethodWorker.java:146)\n\tat org.testng.internal.TestMethodWorker.run(TestMethodWorker.java:128)\n\tat java.base/java.util.ArrayList.forEach(ArrayList.java:1511)\n\tat org.testng.TestRunner.privateRun(TestRunner.java:794)\n\tat org.testng.TestRunner.run(TestRunner.java:596)\n\tat org.testng.SuiteRunner.runTest(SuiteRunner.java:377)\n\tat org.testng.SuiteRunner.runSequentially(SuiteRunner.java:371)\n\tat org.testng.SuiteRunner.privateRun(SuiteRunner.java:332)\n\tat org.testng.SuiteRunner.run(SuiteRunner.java:276)\n\tat org.testng.SuiteRunnerWorker.runSuite(SuiteRunnerWorker.java:53)\n\tat org.testng.SuiteRunnerWorker.run(SuiteRunnerWorker.java:96)\n\tat org.testng.TestNG.runSuitesSequentially(TestNG.java:1212)\n\tat org.testng.TestNG.runSuitesLocally(TestNG.java:1134)\n\tat org.testng.TestNG.runSuites(TestNG.java:1063)\n\tat org.testng.TestNG.run(TestNG.java:1031)\n\tat org.apache.maven.surefire.testng.TestNGExecutor.run(TestNGExecutor.java:155)\n\tat org.apache.maven.surefire.testng.TestNGDirectoryTestSuite.executeSingleClass(TestNGDirectoryTestSuite.java:102)\n\tat org.apache.maven.surefire.testng.TestNGDirectoryTestSuite.execute(TestNGDirectoryTestSuite.java:91)\n\tat org.apache.maven.surefire.testng.TestNGProvider.invoke(TestNGProvider.java:137)\n\tat org.apache.maven.surefire.booter.ForkedBooter.runSuitesInProcess(ForkedBooter.java:385)\n\tat org.apache.maven.surefire.booter.ForkedBooter.execute(ForkedBooter.java:162)\n\tat org.apache.maven.surefire.booter.ForkedBooter.run(ForkedBooter.java:507)\n\tat org.apache.maven.surefire.booter.ForkedBooter.main(ForkedBooter.java:495)\n"},"stage":"finished","steps":[],"attachments":[],"parameters":[{"name":"by","value":"By.xpath: //span[@class='app-menu-item-desc' and text()='Quản lý, giám sát quy trình mua hàng']"}],"start":1714279803891,"stop":1714279805507}],"attachments":[{"name":"testOpenAddSupplier is failed.","source":"a7bc163b-2d76-4dd1-8718-3076efb40f25-attachment","type":"text/plain"},{"name":"Page screenshot","source":"de071503-0e8c-46a7-bfb8-54f2ffdba081-attachment","type":"image/png"}],"parameters":[],"start":1714279796742,"stop":1714279807155}