{"uuid":"72104966-7d6b-42a9-a6ce-7bfc0cda124d","historyId":"6868892fc03b2df79427bb05b5808878","fullName":"dinhthe.testcases.LoginTest.testLoginWithInvalidUsernameAndPassword","labels":[{"name":"package","value":"dinhthe.testcases.LoginTest"},{"name":"testClass","value":"dinhthe.testcases.LoginTest"},{"name":"testMethod","value":"testLoginWithInvalidUsernameAndPassword"},{"name":"parentSuite","value":"Default Suite"},{"name":"suite","value":"SeleniumMavenDemo"},{"name":"subSuite","value":"dinhthe.testcases.LoginTest"},{"name":"host","value":"Dinhs-MacBook-Pro.local"},{"name":"thread","value":"4830@Dinhs-MacBook-Pro.local.main(1)"},{"name":"framework","value":"testng"},{"name":"language","value":"java"}],"links":[],"name":"TC_003: Test login with incorrect username and incorrect password","status":"failed","statusDetails":{"known":false,"muted":false,"flaky":false,"message":"Timeout waiting for the element Visible. By.xpath: //input[@id='username']","trace":"java.lang.AssertionError: Timeout waiting for the element Visible. By.xpath: //input[@id='username']\n\tat org.testng.Assert.fail(Assert.java:99)\n\tat dinhthe.keywords.WebUI.waitForElementVisible(WebUI.java:209)\n\tat dinhthe.keywords.WebUI.setText(WebUI.java:161)\n\tat dinhthe.pages.LoginPage.loginNormal(LoginPage.java:19)\n\tat dinhthe.pages.LoginPage.loginWithInvalidUsernameAndPassword(LoginPage.java:47)\n\tat dinhthe.testcases.LoginTest.testLoginWithInvalidUsernameAndPassword(LoginTest.java:24)\n\tat java.base/jdk.internal.reflect.DirectMethodHandleAccessor.invoke(DirectMethodHandleAccessor.java:104)\n\tat java.base/java.lang.reflect.Method.invoke(Method.java:578)\n\tat org.testng.internal.MethodInvocationHelper.invokeMethod(MethodInvocationHelper.java:133)\n\tat org.testng.internal.TestInvoker.invokeMethod(TestInvoker.java:598)\n\tat org.testng.internal.TestInvoker.invokeTestMethod(TestInvoker.java:173)\n\tat org.testng.internal.MethodRunner.runInSequence(MethodRunner.java:46)\n\tat org.testng.internal.TestInvoker$MethodInvocationAgent.invoke(TestInvoker.java:824)\n\tat org.testng.internal.TestInvoker.invokeTestMethods(TestInvoker.java:146)\n\tat org.testng.internal.TestMethodWorker.invokeTestMethods(TestMethodWorker.java:146)\n\tat org.testng.internal.TestMethodWorker.run(TestMethodWorker.java:128)\n\tat java.base/java.util.ArrayList.forEach(ArrayList.java:1511)\n\tat org.testng.TestRunner.privateRun(TestRunner.java:794)\n\tat org.testng.TestRunner.run(TestRunner.java:596)\n\tat org.testng.SuiteRunner.runTest(SuiteRunner.java:377)\n\tat org.testng.SuiteRunner.runSequentially(SuiteRunner.java:371)\n\tat org.testng.SuiteRunner.privateRun(SuiteRunner.java:332)\n\tat org.testng.SuiteRunner.run(SuiteRunner.java:276)\n\tat org.testng.SuiteRunnerWorker.runSuite(SuiteRunnerWorker.java:53)\n\tat org.testng.SuiteRunnerWorker.run(SuiteRunnerWorker.java:96)\n\tat org.testng.TestNG.runSuitesSequentially(TestNG.java:1212)\n\tat org.testng.TestNG.runSuitesLocally(TestNG.java:1134)\n\tat org.testng.TestNG.runSuites(TestNG.java:1063)\n\tat org.testng.TestNG.run(TestNG.java:1031)\n\tat com.intellij.rt.testng.IDEARemoteTestNG.run(IDEARemoteTestNG.java:65)\n\tat com.intellij.rt.testng.RemoteTestNGStarter.main(RemoteTestNGStarter.java:105)\n"},"stage":"finished","steps":[{"name":"Open URL: https://cloud-cloud.1office.vn/","status":"passed","stage":"finished","steps":[],"attachments":[{"name":"Open URL: https://cloud-cloud.1office.vn/","source":"143df737-3c14-4bd1-b628-0a600c50ff9e-attachment","type":"text/plain"}],"parameters":[{"name":"url","value":"https://cloud-cloud.1office.vn/"}],"start":1711678713225,"stop":1711678716331},{"name":"Set text 123 on By.xpath: //input[@id='username']","status":"failed","statusDetails":{"known":false,"muted":false,"flaky":false,"message":"Timeout waiting for the element Visible. By.xpath: //input[@id='username']","trace":"java.lang.AssertionError: Timeout waiting for the element Visible. By.xpath: //input[@id='username']\n\tat org.testng.Assert.fail(Assert.java:99)\n\tat dinhthe.keywords.WebUI.waitForElementVisible(WebUI.java:209)\n\tat dinhthe.keywords.WebUI.setText(WebUI.java:161)\n\tat dinhthe.pages.LoginPage.loginNormal(LoginPage.java:19)\n\tat dinhthe.pages.LoginPage.loginWithInvalidUsernameAndPassword(LoginPage.java:47)\n\tat dinhthe.testcases.LoginTest.testLoginWithInvalidUsernameAndPassword(LoginTest.java:24)\n\tat java.base/jdk.internal.reflect.DirectMethodHandleAccessor.invoke(DirectMethodHandleAccessor.java:104)\n\tat java.base/java.lang.reflect.Method.invoke(Method.java:578)\n\tat org.testng.internal.MethodInvocationHelper.invokeMethod(MethodInvocationHelper.java:133)\n\tat org.testng.internal.TestInvoker.invokeMethod(TestInvoker.java:598)\n\tat org.testng.internal.TestInvoker.invokeTestMethod(TestInvoker.java:173)\n\tat org.testng.internal.MethodRunner.runInSequence(MethodRunner.java:46)\n\tat org.testng.internal.TestInvoker$MethodInvocationAgent.invoke(TestInvoker.java:824)\n\tat org.testng.internal.TestInvoker.invokeTestMethods(TestInvoker.java:146)\n\tat org.testng.internal.TestMethodWorker.invokeTestMethods(TestMethodWorker.java:146)\n\tat org.testng.internal.TestMethodWorker.run(TestMethodWorker.java:128)\n\tat java.base/java.util.ArrayList.forEach(ArrayList.java:1511)\n\tat org.testng.TestRunner.privateRun(TestRunner.java:794)\n\tat org.testng.TestRunner.run(TestRunner.java:596)\n\tat org.testng.SuiteRunner.runTest(SuiteRunner.java:377)\n\tat org.testng.SuiteRunner.runSequentially(SuiteRunner.java:371)\n\tat org.testng.SuiteRunner.privateRun(SuiteRunner.java:332)\n\tat org.testng.SuiteRunner.run(SuiteRunner.java:276)\n\tat org.testng.SuiteRunnerWorker.runSuite(SuiteRunnerWorker.java:53)\n\tat org.testng.SuiteRunnerWorker.run(SuiteRunnerWorker.java:96)\n\tat org.testng.TestNG.runSuitesSequentially(TestNG.java:1212)\n\tat org.testng.TestNG.runSuitesLocally(TestNG.java:1134)\n\tat org.testng.TestNG.runSuites(TestNG.java:1063)\n\tat org.testng.TestNG.run(TestNG.java:1031)\n\tat com.intellij.rt.testng.IDEARemoteTestNG.run(IDEARemoteTestNG.java:65)\n\tat com.intellij.rt.testng.RemoteTestNGStarter.main(RemoteTestNGStarter.java:105)\n"},"stage":"finished","steps":[],"attachments":[],"parameters":[{"name":"by","value":"By.xpath: //input[@id='username']"},{"name":"value","value":"123"}],"start":1711678716331,"stop":1711678736700}],"attachments":[{"name":"testLoginWithInvalidUsernameAndPassword is failed.","source":"fb617edf-cf16-42f6-8152-fee10b89916e-attachment","type":"text/plain"},{"name":"Page screenshot","source":"c2be3332-2b12-4e8a-8ee1-501964a8408a-attachment","type":"image/png"}],"parameters":[],"start":1711678713225,"stop":1711678738331}