{"uuid":"a19f75fd-1ee0-4a26-88c0-f0837c14990a","historyId":"f1193bd9aabd741212366bce5a0575b3","fullName":"dinhthe.testcases.LoginTest.testLoginWithUsernameInValid","labels":[{"name":"package","value":"dinhthe.testcases.LoginTest"},{"name":"testClass","value":"dinhthe.testcases.LoginTest"},{"name":"testMethod","value":"testLoginWithUsernameInValid"},{"name":"parentSuite","value":"Suite Login Test on 1office"},{"name":"suite","value":"Regression on CHROME"},{"name":"subSuite","value":"dinhthe.testcases.LoginTest"},{"name":"host","value":"Dinhs-MacBook-Pro.local"},{"name":"thread","value":"89167@Dinhs-MacBook-Pro.local.TestNG-tests-1(34)"},{"name":"framework","value":"testng"},{"name":"language","value":"java"},{"name":"epic","value":"Regression Test v1.0.0"},{"name":"feature","value":"Login Test"}],"links":[],"name":"testLoginWithUsernameInValid","status":"failed","statusDetails":{"known":false,"muted":false,"flaky":false,"message":"Timeout waiting for the element Visible. By.xpath: //div[@class='form-error-text']","trace":"java.lang.AssertionError: Timeout waiting for the element Visible. By.xpath: //div[@class='form-error-text']\n\tat org.testng.Assert.fail(Assert.java:99)\n\tat dinhthe.keywords.WebUI.waitForElementVisible(WebUI.java:179)\n\tat dinhthe.keywords.WebUI.checkElementExist(WebUI.java:79)\n\tat dinhthe.pages.LoginPage.loginWithUsernameInValid(LoginPage.java:38)\n\tat dinhthe.testcases.LoginTest.testLoginWithUsernameInValid(LoginTest.java:28)\n\tat java.base/jdk.internal.reflect.DirectMethodHandleAccessor.invoke(DirectMethodHandleAccessor.java:104)\n\tat java.base/java.lang.reflect.Method.invoke(Method.java:578)\n\tat org.testng.internal.MethodInvocationHelper.invokeMethod(MethodInvocationHelper.java:133)\n\tat org.testng.internal.TestInvoker.invokeMethod(TestInvoker.java:598)\n\tat org.testng.internal.TestInvoker.invokeTestMethod(TestInvoker.java:173)\n\tat org.testng.internal.MethodRunner.runInSequence(MethodRunner.java:46)\n\tat org.testng.internal.TestInvoker$MethodInvocationAgent.invoke(TestInvoker.java:824)\n\tat org.testng.internal.TestInvoker.invokeTestMethods(TestInvoker.java:146)\n\tat org.testng.internal.TestMethodWorker.invokeTestMethods(TestMethodWorker.java:146)\n\tat org.testng.internal.TestMethodWorker.run(TestMethodWorker.java:128)\n\tat java.base/java.util.ArrayList.forEach(ArrayList.java:1511)\n\tat org.testng.TestRunner.privateRun(TestRunner.java:794)\n\tat org.testng.TestRunner.run(TestRunner.java:596)\n\tat org.testng.SuiteRunner.runTest(SuiteRunner.java:377)\n\tat org.testng.SuiteRunner.access$000(SuiteRunner.java:28)\n\tat org.testng.SuiteRunner$SuiteWorker.run(SuiteRunner.java:418)\n\tat org.testng.internal.thread.ThreadUtil.lambda$execute$0(ThreadUtil.java:64)\n\tat java.base/java.util.concurrent.FutureTask.run(FutureTask.java:317)\n\tat java.base/java.util.concurrent.ThreadPoolExecutor.runWorker(ThreadPoolExecutor.java:1144)\n\tat java.base/java.util.concurrent.ThreadPoolExecutor$Worker.run(ThreadPoolExecutor.java:642)\n\tat java.base/java.lang.Thread.run(Thread.java:1589)\n"},"stage":"finished","steps":[{"name":"Open URL: https://cloud-cloud.1office.vn/","status":"passed","stage":"finished","steps":[],"attachments":[{"name":"Open URL: https://cloud-cloud.1office.vn/","source":"30347d4e-478f-4c0f-92c6-70225d973f28-attachment","type":"text/plain"}],"parameters":[{"name":"url","value":"https://cloud-cloud.1office.vn/"}],"start":1710914538886,"stop":1710914543748},{"name":"Set text 123 on By.xpath: //input[@id='username']","status":"passed","stage":"finished","steps":[],"attachments":[],"parameters":[{"name":"by","value":"By.xpath: //input[@id='username']"},{"name":"value","value":"123"}],"start":1710914543749,"stop":1710914544814},{"name":"Set text admin@123 on By.xpath: //input[@id='userpwd']","status":"passed","stage":"finished","steps":[],"attachments":[],"parameters":[{"name":"by","value":"By.xpath: //input[@id='userpwd']"},{"name":"value","value":"admin@123"}],"start":1710914544815,"stop":1710914544946},{"name":"Click element By.xpath: //button[@type='submit']","status":"passed","stage":"finished","steps":[],"attachments":[],"parameters":[{"name":"by","value":"By.xpath: //button[@type='submit']"}],"start":1710914545953,"stop":1710914548121},{"name":"Check element existing By.xpath: //div[@class='form-error-text']","status":"failed","statusDetails":{"known":false,"muted":false,"flaky":false,"message":"Timeout waiting for the element Visible. By.xpath: //div[@class='form-error-text']","trace":"java.lang.AssertionError: Timeout waiting for the element Visible. By.xpath: //div[@class='form-error-text']\n\tat org.testng.Assert.fail(Assert.java:99)\n\tat dinhthe.keywords.WebUI.waitForElementVisible(WebUI.java:179)\n\tat dinhthe.keywords.WebUI.checkElementExist(WebUI.java:79)\n\tat dinhthe.pages.LoginPage.loginWithUsernameInValid(LoginPage.java:38)\n\tat dinhthe.testcases.LoginTest.testLoginWithUsernameInValid(LoginTest.java:28)\n\tat java.base/jdk.internal.reflect.DirectMethodHandleAccessor.invoke(DirectMethodHandleAccessor.java:104)\n\tat java.base/java.lang.reflect.Method.invoke(Method.java:578)\n\tat org.testng.internal.MethodInvocationHelper.invokeMethod(MethodInvocationHelper.java:133)\n\tat org.testng.internal.TestInvoker.invokeMethod(TestInvoker.java:598)\n\tat org.testng.internal.TestInvoker.invokeTestMethod(TestInvoker.java:173)\n\tat org.testng.internal.MethodRunner.runInSequence(MethodRunner.java:46)\n\tat org.testng.internal.TestInvoker$MethodInvocationAgent.invoke(TestInvoker.java:824)\n\tat org.testng.internal.TestInvoker.invokeTestMethods(TestInvoker.java:146)\n\tat org.testng.internal.TestMethodWorker.invokeTestMethods(TestMethodWorker.java:146)\n\tat org.testng.internal.TestMethodWorker.run(TestMethodWorker.java:128)\n\tat java.base/java.util.ArrayList.forEach(ArrayList.java:1511)\n\tat org.testng.TestRunner.privateRun(TestRunner.java:794)\n\tat org.testng.TestRunner.run(TestRunner.java:596)\n\tat org.testng.SuiteRunner.runTest(SuiteRunner.java:377)\n\tat org.testng.SuiteRunner.access$000(SuiteRunner.java:28)\n\tat org.testng.SuiteRunner$SuiteWorker.run(SuiteRunner.java:418)\n\tat org.testng.internal.thread.ThreadUtil.lambda$execute$0(ThreadUtil.java:64)\n\tat java.base/java.util.concurrent.FutureTask.run(FutureTask.java:317)\n\tat java.base/java.util.concurrent.ThreadPoolExecutor.runWorker(ThreadPoolExecutor.java:1144)\n\tat java.base/java.util.concurrent.ThreadPoolExecutor$Worker.run(ThreadPoolExecutor.java:642)\n\tat java.base/java.lang.Thread.run(Thread.java:1589)\n"},"stage":"finished","steps":[],"attachments":[],"parameters":[{"name":"by","value":"By.xpath: //div[@class='form-error-text']"}],"start":1710914548128,"stop":1710914568666}],"attachments":[{"name":"testLoginWithUsernameInValid is failed.","source":"1faa518a-61ee-462c-a742-d13fc968a1ac-attachment","type":"text/plain"},{"name":"Page screenshot","source":"a1cdd223-614a-4830-9503-d8bad533431d-attachment","type":"image/png"}],"parameters":[{"name":"BROWSER","value":"chrome"}],"start":1710914538884,"stop":1710914570674}