{"uuid":"b6277cd8-c685-4ba3-b071-0db5611ed6ed","historyId":"5285619ac40b1335034503597714f796","fullName":"dinhthe.testcases.LoginTest.testLoginWithPasswordInValid","labels":[{"name":"package","value":"dinhthe.testcases.LoginTest"},{"name":"testClass","value":"dinhthe.testcases.LoginTest"},{"name":"testMethod","value":"testLoginWithPasswordInValid"},{"name":"parentSuite","value":"Suite Login Test on 1office"},{"name":"suite","value":"Regression on EGDE"},{"name":"subSuite","value":"dinhthe.testcases.LoginTest"},{"name":"host","value":"Dinhs-MacBook-Pro.local"},{"name":"thread","value":"89167@Dinhs-MacBook-Pro.local.TestNG-tests-2(35)"},{"name":"framework","value":"testng"},{"name":"language","value":"java"},{"name":"epic","value":"Regression Test v1.0.0"},{"name":"feature","value":"Login Test"}],"links":[],"name":"testLoginWithPasswordInValid","status":"failed","statusDetails":{"known":false,"muted":false,"flaky":false,"message":"Timeout waiting for the element Visible. By.xpath: //div[@class='form-error-text']","trace":"java.lang.AssertionError: Timeout waiting for the element Visible. By.xpath: //div[@class='form-error-text']\n\tat org.testng.Assert.fail(Assert.java:99)\n\tat dinhthe.keywords.WebUI.waitForElementVisible(WebUI.java:179)\n\tat dinhthe.keywords.WebUI.checkElementExist(WebUI.java:79)\n\tat dinhthe.pages.LoginPage.loginWithPasswordInValid(LoginPage.java:47)\n\tat dinhthe.testcases.LoginTest.testLoginWithPasswordInValid(LoginTest.java:34)\n\tat java.base/jdk.internal.reflect.DirectMethodHandleAccessor.invoke(DirectMethodHandleAccessor.java:104)\n\tat java.base/java.lang.reflect.Method.invoke(Method.java:578)\n\tat org.testng.internal.MethodInvocationHelper.invokeMethod(MethodInvocationHelper.java:133)\n\tat org.testng.internal.TestInvoker.invokeMethod(TestInvoker.java:598)\n\tat org.testng.internal.TestInvoker.invokeTestMethod(TestInvoker.java:173)\n\tat org.testng.internal.MethodRunner.runInSequence(MethodRunner.java:46)\n\tat org.testng.internal.TestInvoker$MethodInvocationAgent.invoke(TestInvoker.java:824)\n\tat org.testng.internal.TestInvoker.invokeTestMethods(TestInvoker.java:146)\n\tat org.testng.internal.TestMethodWorker.invokeTestMethods(TestMethodWorker.java:146)\n\tat org.testng.internal.TestMethodWorker.run(TestMethodWorker.java:128)\n\tat java.base/java.util.ArrayList.forEach(ArrayList.java:1511)\n\tat org.testng.TestRunner.privateRun(TestRunner.java:794)\n\tat org.testng.TestRunner.run(TestRunner.java:596)\n\tat org.testng.SuiteRunner.runTest(SuiteRunner.java:377)\n\tat org.testng.SuiteRunner.access$000(SuiteRunner.java:28)\n\tat org.testng.SuiteRunner$SuiteWorker.run(SuiteRunner.java:418)\n\tat org.testng.internal.thread.ThreadUtil.lambda$execute$0(ThreadUtil.java:64)\n\tat java.base/java.util.concurrent.FutureTask.run(FutureTask.java:317)\n\tat java.base/java.util.concurrent.ThreadPoolExecutor.runWorker(ThreadPoolExecutor.java:1144)\n\tat java.base/java.util.concurrent.ThreadPoolExecutor$Worker.run(ThreadPoolExecutor.java:642)\n\tat java.base/java.lang.Thread.run(Thread.java:1589)\n"},"stage":"finished","steps":[{"name":"Open URL: https://cloud-cloud.1office.vn/","status":"passed","stage":"finished","steps":[],"attachments":[{"name":"Open URL: https://cloud-cloud.1office.vn/","source":"629e9166-c8fe-432a-81dd-b3d55318b2d6-attachment","type":"text/plain"}],"parameters":[{"name":"url","value":"https://cloud-cloud.1office.vn/"}],"start":1710914800254,"stop":1710914803909},{"name":"Set text admin on By.xpath: //input[@id='username']","status":"passed","stage":"finished","steps":[],"attachments":[],"parameters":[{"name":"by","value":"By.xpath: //input[@id='username']"},{"name":"value","value":"admin"}],"start":1710914803910,"stop":1710914804298},{"name":"Set text 123 on By.xpath: //input[@id='userpwd']","status":"passed","stage":"finished","steps":[],"attachments":[],"parameters":[{"name":"by","value":"By.xpath: //input[@id='userpwd']"},{"name":"value","value":"123"}],"start":1710914804299,"stop":1710914804517},{"name":"Click element By.xpath: //button[@type='submit']","status":"passed","stage":"finished","steps":[],"attachments":[],"parameters":[{"name":"by","value":"By.xpath: //button[@type='submit']"}],"start":1710914805521,"stop":1710914807533},{"name":"Check element existing By.xpath: //div[@class='form-error-text']","status":"failed","statusDetails":{"known":false,"muted":false,"flaky":false,"message":"Timeout waiting for the element Visible. By.xpath: //div[@class='form-error-text']","trace":"java.lang.AssertionError: Timeout waiting for the element Visible. By.xpath: //div[@class='form-error-text']\n\tat org.testng.Assert.fail(Assert.java:99)\n\tat dinhthe.keywords.WebUI.waitForElementVisible(WebUI.java:179)\n\tat dinhthe.keywords.WebUI.checkElementExist(WebUI.java:79)\n\tat dinhthe.pages.LoginPage.loginWithPasswordInValid(LoginPage.java:47)\n\tat dinhthe.testcases.LoginTest.testLoginWithPasswordInValid(LoginTest.java:34)\n\tat java.base/jdk.internal.reflect.DirectMethodHandleAccessor.invoke(DirectMethodHandleAccessor.java:104)\n\tat java.base/java.lang.reflect.Method.invoke(Method.java:578)\n\tat org.testng.internal.MethodInvocationHelper.invokeMethod(MethodInvocationHelper.java:133)\n\tat org.testng.internal.TestInvoker.invokeMethod(TestInvoker.java:598)\n\tat org.testng.internal.TestInvoker.invokeTestMethod(TestInvoker.java:173)\n\tat org.testng.internal.MethodRunner.runInSequence(MethodRunner.java:46)\n\tat org.testng.internal.TestInvoker$MethodInvocationAgent.invoke(TestInvoker.java:824)\n\tat org.testng.internal.TestInvoker.invokeTestMethods(TestInvoker.java:146)\n\tat org.testng.internal.TestMethodWorker.invokeTestMethods(TestMethodWorker.java:146)\n\tat org.testng.internal.TestMethodWorker.run(TestMethodWorker.java:128)\n\tat java.base/java.util.ArrayList.forEach(ArrayList.java:1511)\n\tat org.testng.TestRunner.privateRun(TestRunner.java:794)\n\tat org.testng.TestRunner.run(TestRunner.java:596)\n\tat org.testng.SuiteRunner.runTest(SuiteRunner.java:377)\n\tat org.testng.SuiteRunner.access$000(SuiteRunner.java:28)\n\tat org.testng.SuiteRunner$SuiteWorker.run(SuiteRunner.java:418)\n\tat org.testng.internal.thread.ThreadUtil.lambda$execute$0(ThreadUtil.java:64)\n\tat java.base/java.util.concurrent.FutureTask.run(FutureTask.java:317)\n\tat java.base/java.util.concurrent.ThreadPoolExecutor.runWorker(ThreadPoolExecutor.java:1144)\n\tat java.base/java.util.concurrent.ThreadPoolExecutor$Worker.run(ThreadPoolExecutor.java:642)\n\tat java.base/java.lang.Thread.run(Thread.java:1589)\n"},"stage":"finished","steps":[],"attachments":[],"parameters":[{"name":"by","value":"By.xpath: //div[@class='form-error-text']"}],"start":1710914807546,"stop":1710914827733}],"attachments":[{"name":"testLoginWithPasswordInValid is failed.","source":"8f3576e8-ed0b-41f4-a650-72cf7aa94cae-attachment","type":"text/plain"},{"name":"Page screenshot","source":"1cea6683-f243-435c-ad42-6020512d2db8-attachment","type":"image/png"}],"parameters":[{"name":"BROWSER","value":"edge"}],"start":1710914800254,"stop":1710914831119}