{"uuid":"d36d6fe8-e1a6-4935-af3d-7d5c4688fa11","historyId":"47e9c11d2d77f3dd26d5ebe8dd3cdad9","fullName":"dinhthe.testcases.LoginTest.testClickForgotPasword","labels":[{"name":"package","value":"dinhthe.testcases.LoginTest"},{"name":"testClass","value":"dinhthe.testcases.LoginTest"},{"name":"testMethod","value":"testClickForgotPasword"},{"name":"parentSuite","value":"Default Suite"},{"name":"suite","value":"SeleniumMavenDemo"},{"name":"subSuite","value":"dinhthe.testcases.LoginTest"},{"name":"host","value":"Dinhs-MacBook-Pro.local"},{"name":"thread","value":"30494@Dinhs-MacBook-Pro.local.main(1)"},{"name":"framework","value":"testng"},{"name":"language","value":"java"}],"links":[],"name":"TC_007: Test click linkable Forgot Password","status":"failed","statusDetails":{"known":false,"muted":false,"flaky":false,"message":"Timeout waiting for the element Visible. By.xpath: //a[contains(text(),'Quên mật khẩu?')]","trace":"java.lang.AssertionError: Timeout waiting for the element Visible. By.xpath: //a[contains(text(),'Quên mật khẩu?')]\n\tat org.testng.Assert.fail(Assert.java:99)\n\tat dinhthe.keywords.WebUI.waitForElementVisible(WebUI.java:209)\n\tat dinhthe.keywords.WebUI.clickElement(WebUI.java:133)\n\tat dinhthe.pages.LoginPage.clickLinkableForgotPassword(LoginPage.java:61)\n\tat dinhthe.testcases.LoginTest.testClickForgotPasword(LoginTest.java:45)\n\tat java.base/jdk.internal.reflect.DirectMethodHandleAccessor.invoke(DirectMethodHandleAccessor.java:104)\n\tat java.base/java.lang.reflect.Method.invoke(Method.java:578)\n\tat org.testng.internal.MethodInvocationHelper.invokeMethod(MethodInvocationHelper.java:133)\n\tat org.testng.internal.TestInvoker.invokeMethod(TestInvoker.java:598)\n\tat org.testng.internal.TestInvoker.invokeTestMethod(TestInvoker.java:173)\n\tat org.testng.internal.MethodRunner.runInSequence(MethodRunner.java:46)\n\tat org.testng.internal.TestInvoker$MethodInvocationAgent.invoke(TestInvoker.java:824)\n\tat org.testng.internal.TestInvoker.invokeTestMethods(TestInvoker.java:146)\n\tat org.testng.internal.TestMethodWorker.invokeTestMethods(TestMethodWorker.java:146)\n\tat org.testng.internal.TestMethodWorker.run(TestMethodWorker.java:128)\n\tat java.base/java.util.ArrayList.forEach(ArrayList.java:1511)\n\tat org.testng.TestRunner.privateRun(TestRunner.java:794)\n\tat org.testng.TestRunner.run(TestRunner.java:596)\n\tat org.testng.SuiteRunner.runTest(SuiteRunner.java:377)\n\tat org.testng.SuiteRunner.runSequentially(SuiteRunner.java:371)\n\tat org.testng.SuiteRunner.privateRun(SuiteRunner.java:332)\n\tat org.testng.SuiteRunner.run(SuiteRunner.java:276)\n\tat org.testng.SuiteRunnerWorker.runSuite(SuiteRunnerWorker.java:53)\n\tat org.testng.SuiteRunnerWorker.run(SuiteRunnerWorker.java:96)\n\tat org.testng.TestNG.runSuitesSequentially(TestNG.java:1212)\n\tat org.testng.TestNG.runSuitesLocally(TestNG.java:1134)\n\tat org.testng.TestNG.runSuites(TestNG.java:1063)\n\tat org.testng.TestNG.run(TestNG.java:1031)\n\tat com.intellij.rt.testng.IDEARemoteTestNG.run(IDEARemoteTestNG.java:65)\n\tat com.intellij.rt.testng.RemoteTestNGStarter.main(RemoteTestNGStarter.java:105)\n"},"stage":"finished","steps":[{"name":"Click element By.xpath: //a[contains(text(),'Quên mật khẩu?')]","status":"failed","statusDetails":{"known":false,"muted":false,"flaky":false,"message":"Timeout waiting for the element Visible. By.xpath: //a[contains(text(),'Quên mật khẩu?')]","trace":"java.lang.AssertionError: Timeout waiting for the element Visible. By.xpath: //a[contains(text(),'Quên mật khẩu?')]\n\tat org.testng.Assert.fail(Assert.java:99)\n\tat dinhthe.keywords.WebUI.waitForElementVisible(WebUI.java:209)\n\tat dinhthe.keywords.WebUI.clickElement(WebUI.java:133)\n\tat dinhthe.pages.LoginPage.clickLinkableForgotPassword(LoginPage.java:61)\n\tat dinhthe.testcases.LoginTest.testClickForgotPasword(LoginTest.java:45)\n\tat java.base/jdk.internal.reflect.DirectMethodHandleAccessor.invoke(DirectMethodHandleAccessor.java:104)\n\tat java.base/java.lang.reflect.Method.invoke(Method.java:578)\n\tat org.testng.internal.MethodInvocationHelper.invokeMethod(MethodInvocationHelper.java:133)\n\tat org.testng.internal.TestInvoker.invokeMethod(TestInvoker.java:598)\n\tat org.testng.internal.TestInvoker.invokeTestMethod(TestInvoker.java:173)\n\tat org.testng.internal.MethodRunner.runInSequence(MethodRunner.java:46)\n\tat org.testng.internal.TestInvoker$MethodInvocationAgent.invoke(TestInvoker.java:824)\n\tat org.testng.internal.TestInvoker.invokeTestMethods(TestInvoker.java:146)\n\tat org.testng.internal.TestMethodWorker.invokeTestMethods(TestMethodWorker.java:146)\n\tat org.testng.internal.TestMethodWorker.run(TestMethodWorker.java:128)\n\tat java.base/java.util.ArrayList.forEach(ArrayList.java:1511)\n\tat org.testng.TestRunner.privateRun(TestRunner.java:794)\n\tat org.testng.TestRunner.run(TestRunner.java:596)\n\tat org.testng.SuiteRunner.runTest(SuiteRunner.java:377)\n\tat org.testng.SuiteRunner.runSequentially(SuiteRunner.java:371)\n\tat org.testng.SuiteRunner.privateRun(SuiteRunner.java:332)\n\tat org.testng.SuiteRunner.run(SuiteRunner.java:276)\n\tat org.testng.SuiteRunnerWorker.runSuite(SuiteRunnerWorker.java:53)\n\tat org.testng.SuiteRunnerWorker.run(SuiteRunnerWorker.java:96)\n\tat org.testng.TestNG.runSuitesSequentially(TestNG.java:1212)\n\tat org.testng.TestNG.runSuitesLocally(TestNG.java:1134)\n\tat org.testng.TestNG.runSuites(TestNG.java:1063)\n\tat org.testng.TestNG.run(TestNG.java:1031)\n\tat com.intellij.rt.testng.IDEARemoteTestNG.run(IDEARemoteTestNG.java:65)\n\tat com.intellij.rt.testng.RemoteTestNGStarter.main(RemoteTestNGStarter.java:105)\n"},"stage":"finished","steps":[],"attachments":[],"parameters":[{"name":"by","value":"By.xpath: //a[contains(text(),'Quên mật khẩu?')]"}],"start":1711447743838,"stop":1711447763994}],"attachments":[{"name":"testClickForgotPasword is failed.","source":"9a08fcd2-b6a1-4133-98fe-5ef73c589896-attachment","type":"text/plain"},{"name":"Page screenshot","source":"96b39576-249e-414f-a4d7-eec3457cf284-attachment","type":"image/png"}],"parameters":[],"start":1711447743461,"stop":1711447765353}